Barycentric data loading time: 486.949326ms
Removing database directory samurai.db
Database directory samurai.db removed
Feeding update tasks to 16 workers
Block: 18908895 phase:modifiedaccounts accounts: 385 time: 3.139095093s
Block: 18908895 phase:balances accounts: 385 time: 21.488035ms
Block: 18908896 phase:modifiedaccounts accounts: 466 time: 3.690018427s
Block: 18908896 phase:balances accounts: 466 time: 24.469038ms
Block: 18908897 phase:modifiedaccounts accounts: 258 time: 4.084007158s
Block: 18908897 phase:balances accounts: 258 time: 15.141828ms
Block: 18908898 phase:modifiedaccounts accounts: 291 time: 3.793902977s
Block: 18908898 phase:balances accounts: 291 time: 17.450069ms
Block: 18908899 phase:modifiedaccounts accounts: 283 time: 3.97132424s
Block: 18908899 phase:balances accounts: 283 time: 19.203593ms
Block: 18908900 phase:modifiedaccounts accounts: 460 time: 3.916091333s
Block: 18908900 phase:balances accounts: 460 time: 24.254782ms
Block: 18908901 phase:modifiedaccounts accounts: 266 time: 3.999128404s
Block: 18908901 phase:balances accounts: 266 time: 16.891763ms
Block: 18908902 phase:modifiedaccounts accounts: 310 time: 3.59771879s
Block: 18908902 phase:balances accounts: 310 time: 15.266471ms
Block: 18908903 phase:modifiedaccounts accounts: 327 time: 4.238782491s
Block: 18908903 phase:balances accounts: 327 time: 21.023494ms
Block: 18908904 phase:modifiedaccounts accounts: 250 time: 4.078389968s
Block: 18908904 phase:balances accounts: 250 time: 14.519806ms
Block: 18908905 phase:modifiedaccounts accounts: 448 time: 4.210588839s
Block: 18908905 phase:balances accounts: 448 time: 22.276111ms
Block: 18908906 phase:modifiedaccounts accounts: 241 time: 4.133816745s
Block: 18908906 phase:balances accounts: 241 time: 12.213523ms
Block: 18908907 phase:modifiedaccounts accounts: 317 time: 3.726735161s
Block: 18908907 phase:balances accounts: 317 time: 17.880257ms
Block: 18908908 phase:modifiedaccounts accounts: 320 time: 4.149909649s
Block: 18908908 phase:balances accounts: 320 time: 16.11615ms
Block: 18908909 phase:modifiedaccounts accounts: 289 time: 4.035552076s
Block: 18908909 phase:balances accounts: 289 time: 16.110485ms
Block: 18908910 phase:modifiedaccounts accounts: 469 time: 3.806314229s
Block: 18908910 phase:balances accounts: 469 time: 24.915696ms
Block: 18908911 phase:modifiedaccounts accounts: 275 time: 4.334479354s
Block: 18908911 phase:balances accounts: 275 time: 15.493328ms
Block: 18908912 phase:modifiedaccounts accounts: 285 time: 3.814374729s
Block: 18908912 phase:balances accounts: 285 time: 17.215293ms
Block: 18908913 phase:modifiedaccounts accounts: 266 time: 3.724997509s
Block: 18908913 phase:balances accounts: 266 time: 13.270504ms
Block: 18908914 phase:modifiedaccounts accounts: 295 time: 3.926349868s
Block: 18908914 phase:balances accounts: 295 time: 16.426479ms
Block: 18908915 phase:modifiedaccounts accounts: 544 time: 4.043732184s
Block: 18908915 phase:balances accounts: 544 time: 28.434954ms
Block: 18908916 phase:modifiedaccounts accounts: 270 time: 4.183182219s
Block: 18908916 phase:balances accounts: 270 time: 15.333102ms
Block: 18908917 phase:modifiedaccounts accounts: 313 time: 3.843490735s
Block: 18908917 phase:balances accounts: 313 time: 16.279758ms
Block: 18908918 phase:modifiedaccounts accounts: 235 time: 4.011399731s
Block: 18908918 phase:balances accounts: 235 time: 14.291503ms
Block: 18908919 phase:modifiedaccounts accounts: 773 time: 4.193802403s
Block: 18908919 phase:balances accounts: 773 time: 40.656521ms
Block: 18908920 phase:modifiedaccounts accounts: 270 time: 4.683029505s
Block: 18908920 phase:balances accounts: 270 time: 16.771754ms
Block: 18908921 phase:modifiedaccounts accounts: 241 time: 4.273475297s
Block: 18908921 phase:balances accounts: 241 time: 13.416243ms
Block: 18908922 phase:modifiedaccounts accounts: 235 time: 3.327383171s
Block: 18908922 phase:balances accounts: 235 time: 14.851969ms
Block: 18908923 phase:modifiedaccounts accounts: 233 time: 3.92865962s
Block: 18908923 phase:balances accounts: 233 time: 14.12511ms
Block: 18908924 phase:modifiedaccounts accounts: 404 time: 4.232731722s
Block: 18908924 phase:balances accounts: 404 time: 50.529201ms
Block: 18908925 phase:modifiedaccounts accounts: 379 time: 3.504927411s
Block: 18908925 phase:balances accounts: 379 time: 27.201867ms
Block: 18908926 phase:modifiedaccounts accounts: 268 time: 3.575985413s
Block: 18908926 phase:balances accounts: 268 time: 14.569813ms
Block: 18908927 phase:modifiedaccounts accounts: 260 time: 4.038273747s
Block: 18908927 phase:balances accounts: 260 time: 12.678283ms
Block: 18908928 phase:modifiedaccounts accounts: 272 time: 3.696387662s
Block: 18908928 phase:balances accounts: 272 time: 29.099654ms
Block: 18908929 phase:modifiedaccounts accounts: 668 time: 4.180676817s
Block: 18908929 phase:balances accounts: 668 time: 35.434015ms
Block: 18908930 phase:modifiedaccounts accounts: 254 time: 4.929520325s
Block: 18908930 phase:balances accounts: 254 time: 38.453187ms
Block: 18908931 phase:modifiedaccounts accounts: 236 time: 4.093976162s
Block: 18908931 phase:balances accounts: 236 time: 29.818209ms
Block: 18908932 phase:modifiedaccounts accounts: 246 time: 4.111790421s
Block: 18908932 phase:balances accounts: 246 time: 16.359998ms
Block: 18908933 phase:modifiedaccounts accounts: 362 time: 4.636055913s
Block: 18908933 phase:balances accounts: 362 time: 17.699332ms
Block: 18908934 phase:modifiedaccounts accounts: 417 time: 4.401384216s
Block: 18908934 phase:balances accounts: 417 time: 22.658242ms
Block: 18908935 phase:modifiedaccounts accounts: 288 time: 4.384091462s
Block: 18908935 phase:balances accounts: 288 time: 15.326537ms
Block: 18908936 phase:modifiedaccounts accounts: 307 time: 4.173567168s
Block: 18908936 phase:balances accounts: 307 time: 15.489436ms
Block: 18908937 phase:modifiedaccounts accounts: 258 time: 4.668089155s
Block: 18908937 phase:balances accounts: 258 time: 12.263551ms
Block: 18908938 phase:modifiedaccounts accounts: 343 time: 3.704928394s
Block: 18908938 phase:balances accounts: 343 time: 17.647521ms
Block: 18908939 phase:modifiedaccounts accounts: 275 time: 4.125011009s
Block: 18908939 phase:balances accounts: 275 time: 14.051721ms
Block: 18908940 phase:modifiedaccounts accounts: 290 time: 3.878991924s
Block: 18908940 phase:balances accounts: 290 time: 12.043143ms
Block: 18908941 phase:modifiedaccounts accounts: 311 time: 4.249286307s
Block: 18908941 phase:balances accounts: 311 time: 21.23715ms
Block: 18908942 phase:modifiedaccounts accounts: 260 time: 4.043088224s
Block: 18908942 phase:balances accounts: 260 time: 14.978202ms
Block: 18908943 phase:modifiedaccounts accounts: 433 time: 4.1126045s
Block: 18908943 phase:balances accounts: 433 time: 18.379806ms
Block: 18908944 phase:modifiedaccounts accounts: 276 time: 3.911182328s
Block: 18908944 phase:balances accounts: 276 time: 17.704813ms
Block: 18908945 phase:modifiedaccounts accounts: 332 time: 3.511130804s
Block: 18908945 phase:balances accounts: 332 time: 32.038811ms
Block: 18908946 phase:modifiedaccounts accounts: 287 time: 4.140736416s
Block: 18908946 phase:balances accounts: 287 time: 15.199082ms
Block: 18908947 phase:modifiedaccounts accounts: 264 time: 4.21333548s
Block: 18908947 phase:balances accounts: 264 time: 17.049654ms
Block: 18908948 phase:modifiedaccounts accounts: 324 time: 4.10322347s
Block: 18908948 phase:balances accounts: 324 time: 47.158025ms
Block: 18908949 phase:modifiedaccounts accounts: 290 time: 3.565027542s
Block: 18908949 phase:balances accounts: 290 time: 26.535827ms
Block: 18908950 phase:modifiedaccounts accounts: 345 time: 4.233172267s
Block: 18908950 phase:balances accounts: 345 time: 37.162101ms
Block: 18908951 phase:modifiedaccounts accounts: 275 time: 4.467363455s
Block: 18908951 phase:balances accounts: 275 time: 14.885959ms
Block: 18908952 phase:modifiedaccounts accounts: 327 time: 3.801613952s
Block: 18908952 phase:balances accounts: 327 time: 19.688722ms
Block: 18908953 phase:modifiedaccounts accounts: 445 time: 4.56295373s
Block: 18908953 phase:balances accounts: 445 time: 26.333221ms
Block: 18908954 phase:modifiedaccounts accounts: 279 time: 3.838191689s
Block: 18908954 phase:balances accounts: 279 time: 17.833742ms
Block: 18908955 phase:modifiedaccounts accounts: 317 time: 3.825219237s
Block: 18908955 phase:balances accounts: 317 time: 16.914072ms
Block: 18908956 phase:modifiedaccounts accounts: 222 time: 3.518457541s
Block: 18908956 phase:balances accounts: 222 time: 12.342819ms
Block: 18908957 phase:modifiedaccounts accounts: 281 time: 4.055908703s
Block: 18908957 phase:balances accounts: 281 time: 14.337439ms
Block: 18908958 phase:modifiedaccounts accounts: 445 time: 4.01751923s
Block: 18908958 phase:balances accounts: 445 time: 23.200576ms
Block: 18908959 phase:modifiedaccounts accounts: 342 time: 4.580250272s
Block: 18908959 phase:balances accounts: 342 time: 53.420552ms
Block: 18908960 phase:modifiedaccounts accounts: 253 time: 3.576617769s
Block: 18908960 phase:balances accounts: 253 time: 13.804936ms
Block: 18908961 phase:modifiedaccounts accounts: 275 time: 3.308675209s
Block: 18908961 phase:balances accounts: 275 time: 15.312231ms
Block: 18908962 phase:modifiedaccounts accounts: 224 time: 3.883228886s
Block: 18908962 phase:balances accounts: 224 time: 16.815293ms
Block: 18908963 phase:modifiedaccounts accounts: 507 time: 4.804585995s
Block: 18908963 phase:balances accounts: 507 time: 25.711189ms
Block: 18908964 phase:modifiedaccounts accounts: 303 time: 4.088157362s
Block: 18908964 phase:balances accounts: 303 time: 21.735751ms
Block: 18908965 phase:modifiedaccounts accounts: 250 time: 3.984737605s
Block: 18908965 phase:balances accounts: 250 time: 14.979502ms
Block: 18908966 phase:modifiedaccounts accounts: 273 time: 4.032100399s
Block: 18908966 phase:balances accounts: 273 time: 16.310628ms
Block: 18908967 phase:modifiedaccounts accounts: 328 time: 4.798804427s
Block: 18908967 phase:balances accounts: 328 time: 19.011955ms
Block: 18908968 phase:modifiedaccounts accounts: 519 time: 3.386968109s
Block: 18908968 phase:balances accounts: 519 time: 26.261338ms
Block: 18908969 phase:modifiedaccounts accounts: 340 time: 4.137240303s
Block: 18908969 phase:balances accounts: 340 time: 20.983414ms
Block: 18908970 phase:modifiedaccounts accounts: 265 time: 4.065933309s
Block: 18908970 phase:balances accounts: 265 time: 15.946697ms
Block: 18908971 phase:modifiedaccounts accounts: 232 time: 4.34084535s
Block: 18908971 phase:balances accounts: 232 time: 18.193639ms
Block: 18908972 phase:modifiedaccounts accounts: 209 time: 3.451182792s
Block: 18908972 phase:balances accounts: 209 time: 14.555128ms
Block: 18908973 phase:modifiedaccounts accounts: 612 time: 5.943088346s
Block: 18908973 phase:balances accounts: 612 time: 35.710068ms
Block: 18908974 phase:modifiedaccounts accounts: 49 time: 4.581331744s
Block: 18908974 phase:balances accounts: 49 time: 4.066011ms
Block: 18908975 phase:modifiedaccounts accounts: 474 time: 4.372506573s
Block: 18908975 phase:balances accounts: 474 time: 23.418955ms
Block: 18908976 phase:modifiedaccounts accounts: 219 time: 3.868837403s
Block: 18908976 phase:balances accounts: 219 time: 14.123336ms
Block: 18908977 phase:modifiedaccounts accounts: 393 time: 4.919875824s
Block: 18908977 phase:balances accounts: 393 time: 19.380775ms
Block: 18908978 phase:modifiedaccounts accounts: 261 time: 3.887750629s
Block: 18908978 phase:balances accounts: 261 time: 21.421458ms
Block: 18908979 phase:modifiedaccounts accounts: 241 time: 3.531132302s
Block: 18908979 phase:balances accounts: 241 time: 13.792695ms
Block: 18908980 phase:modifiedaccounts accounts: 171 time: 4.863500709s
Block: 18908980 phase:balances accounts: 171 time: 10.450855ms
Block: 18908981 phase:modifiedaccounts accounts: 220 time: 4.007284564s
Block: 18908981 phase:balances accounts: 220 time: 20.401405ms
Block: 18908982 phase:modifiedaccounts accounts: 506 time: 4.724890676s
Block: 18908982 phase:balances accounts: 506 time: 24.299519ms
Block: 18908983 phase:modifiedaccounts accounts: 262 time: 4.398123095s
Block: 18908983 phase:balances accounts: 262 time: 29.282707ms
Block: 18908984 phase:modifiedaccounts accounts: 283 time: 4.58650142s
Block: 18908984 phase:balances accounts: 283 time: 12.433863ms
Block: 18908985 phase:modifiedaccounts accounts: 185 time: 5.508100689s
Block: 18908985 phase:balances accounts: 185 time: 22.889643ms
Block: 18908986 phase:modifiedaccounts accounts: 358 time: 3.643379028s
Block: 18908986 phase:balances accounts: 358 time: 21.392893ms
Block: 18908987 phase:modifiedaccounts accounts: 285 time: 4.143385343s
Block: 18908987 phase:balances accounts: 285 time: 16.067521ms
Block: 18908988 phase:modifiedaccounts accounts: 241 time: 4.578621405s
Block: 18908988 phase:balances accounts: 241 time: 16.12154ms
Block: 18908989 phase:modifiedaccounts accounts: 346 time: 3.624397542s
Block: 18908989 phase:balances accounts: 346 time: 14.861231ms
Block: 18908990 phase:modifiedaccounts accounts: 191 time: 4.870618425s
Block: 18908990 phase:balances accounts: 191 time: 19.377861ms
Block: 18908991 phase:modifiedaccounts accounts: 259 time: 4.864116856s
Block: 18908991 phase:balances accounts: 259 time: 14.286396ms
Block: 18908992 phase:modifiedaccounts accounts: 346 time: 4.49116635s
Block: 18908992 phase:balances accounts: 346 time: 15.416831ms
Block: 18908993 phase:modifiedaccounts accounts: 376 time: 4.317579661s
Block: 18908993 phase:balances accounts: 376 time: 20.277338ms
Block: 18908994 phase:modifiedaccounts accounts: 327 time: 4.263927137s
Block: 18908994 phase:balances accounts: 327 time: 43.482577ms
Block: 18908995 phase:modifiedaccounts accounts: 137 time: 4.980554303s
Block: 18908995 phase:balances accounts: 137 time: 6.121875ms
Block: 18908996 phase:modifiedaccounts accounts: 328 time: 3.026255072s
Block: 18908996 phase:balances accounts: 328 time: 15.865643ms
Block: 18908997 phase:modifiedaccounts accounts: 622 time: 4.62841437s
Block: 18908997 phase:balances accounts: 622 time: 34.846792ms
Block: 18908998 phase:modifiedaccounts accounts: 287 time: 4.941112527s
Block: 18908998 phase:balances accounts: 287 time: 12.398354ms
Block: 18908999 phase:modifiedaccounts accounts: 247 time: 3.78540611s
Block: 18908999 phase:balances accounts: 247 time: 16.485864ms
Block: 18909000 phase:modifiedaccounts accounts: 211 time: 3.320421698s
Block: 18909000 phase:balances accounts: 211 time: 16.785935ms
Block: 18909001 phase:modifiedaccounts accounts: 409 time: 3.981805012s
Block: 18909001 phase:balances accounts: 409 time: 27.44673ms
Block: 18909002 phase:modifiedaccounts accounts: 241 time: 3.934131501s
Block: 18909002 phase:balances accounts: 241 time: 11.505801ms
Block: 18909003 phase:modifiedaccounts accounts: 230 time: 3.444526476s
Block: 18909003 phase:balances accounts: 230 time: 13.774222ms
Block: 18909004 phase:modifiedaccounts accounts: 309 time: 3.487310835s
Block: 18909004 phase:balances accounts: 309 time: 19.693929ms
Block: 18909005 phase:modifiedaccounts accounts: 226 time: 4.040045814s
Block: 18909005 phase:balances accounts: 226 time: 12.582609ms
Block: 18909006 phase:modifiedaccounts accounts: 317 time: 4.356140642s
Block: 18909006 phase:balances accounts: 317 time: 16.532615ms
Block: 18909007 phase:modifiedaccounts accounts: 297 time: 4.078851102s
Block: 18909007 phase:balances accounts: 297 time: 13.261372ms
Block: 18909008 phase:modifiedaccounts accounts: 336 time: 3.742670368s
Block: 18909008 phase:balances accounts: 336 time: 25.305972ms
Block: 18909009 phase:modifiedaccounts accounts: 253 time: 3.742748663s
Block: 18909009 phase:balances accounts: 253 time: 10.017685ms
Block: 18909010 phase:modifiedaccounts accounts: 209 time: 3.742821938s
Block: 18909010 phase:balances accounts: 209 time: 29.04581ms
Block: 18909011 phase:modifiedaccounts accounts: 352 time: 3.960638755s
Block: 18909011 phase:balances accounts: 352 time: 25.325358ms
Block: 18909012 phase:modifiedaccounts accounts: 206 time: 4.226786398s
Block: 18909012 phase:balances accounts: 206 time: 14.733338ms
Block: 18909013 phase:modifiedaccounts accounts: 271 time: 3.285267257s
Block: 18909013 phase:balances accounts: 271 time: 14.696111ms
Block: 18909014 phase:modifiedaccounts accounts: 113 time: 3.855876676s
Block: 18909014 phase:balances accounts: 113 time: 8.103378ms
Block: 18909015 phase:modifiedaccounts accounts: 500 time: 4.187305282s
Block: 18909015 phase:balances accounts: 500 time: 27.493241ms
Block: 18909016 phase:modifiedaccounts accounts: 290 time: 4.028773459s
Block: 18909016 phase:balances accounts: 290 time: 18.958611ms
Block: 18909017 phase:modifiedaccounts accounts: 237 time: 4.354292531s
Block: 18909017 phase:balances accounts: 237 time: 16.213666ms
Block: 18909018 phase:modifiedaccounts accounts: 245 time: 3.887984313s
Block: 18909018 phase:balances accounts: 245 time: 12.55914ms
Block: 18909019 phase:modifiedaccounts accounts: 160 time: 3.67114324s
Block: 18909019 phase:balances accounts: 160 time: 23.022609ms
Block: 18909020 phase:modifiedaccounts accounts: 692 time: 4.100999068s
Block: 18909020 phase:balances accounts: 692 time: 35.28857ms
Block: 18909021 phase:modifiedaccounts accounts: 347 time: 4.309092696s
Block: 18909021 phase:balances accounts: 347 time: 20.455276ms
Block: 18909022 phase:modifiedaccounts accounts: 239 time: 5.079206857s
Block: 18909022 phase:balances accounts: 239 time: 12.917991ms
Block: 18909023 phase:modifiedaccounts accounts: 283 time: 3.831079152s
Block: 18909023 phase:balances accounts: 283 time: 21.899661ms
Block: 18909024 phase:modifiedaccounts accounts: 314 time: 4.595129754s
Block: 18909024 phase:balances accounts: 314 time: 26.635618ms
Block: 18909025 phase:modifiedaccounts accounts: 322 time: 4.566949303s
Block: 18909025 phase:balances accounts: 322 time: 16.620037ms
Block: 18909026 phase:modifiedaccounts accounts: 350 time: 4.201727208s
Block: 18909026 phase:balances accounts: 350 time: 26.979641ms
Block: 18909027 phase:modifiedaccounts accounts: 268 time: 4.981095048s
Block: 18909027 phase:balances accounts: 268 time: 14.860215ms
Block: 18909028 phase:modifiedaccounts accounts: 316 time: 4.71165395s
Block: 18909028 phase:balances accounts: 316 time: 18.111565ms
Block: 18909029 phase:modifiedaccounts accounts: 305 time: 4.718720506s
Block: 18909029 phase:balances accounts: 305 time: 36.430453ms
Block: 18909030 phase:modifiedaccounts accounts: 392 time: 3.96185157s
Block: 18909030 phase:balances accounts: 392 time: 20.83215ms
Block: 18909031 phase:modifiedaccounts accounts: 297 time: 4.927896446s
Block: 18909031 phase:balances accounts: 297 time: 25.860171ms
Block: 18909032 phase:modifiedaccounts accounts: 338 time: 3.938330816s
Block: 18909032 phase:balances accounts: 338 time: 17.945039ms
Block: 18909033 phase:modifiedaccounts accounts: 279 time: 4.239214799s
Block: 18909033 phase:balances accounts: 279 time: 14.2607ms
Block: 18909034 phase:modifiedaccounts accounts: 315 time: 4.765317423s
Block: 18909034 phase:balances accounts: 315 time: 17.086755ms
Block: 18909035 phase:modifiedaccounts accounts: 365 time: 4.170912422s
Block: 18909035 phase:balances accounts: 365 time: 30.609745ms
Block: 18909036 phase:modifiedaccounts accounts: 245 time: 4.897361301s
Block: 18909036 phase:balances accounts: 245 time: 13.188501ms
Block: 18909037 phase:modifiedaccounts accounts: 223 time: 4.795170296s
Block: 18909037 phase:balances accounts: 223 time: 21.79765ms
Block: 18909038 phase:modifiedaccounts accounts: 210 time: 4.471392314s
Block: 18909038 phase:balances accounts: 210 time: 12.333396ms
Block: 18909039 phase:modifiedaccounts accounts: 315 time: 4.581438083s
Block: 18909039 phase:balances accounts: 315 time: 20.297815ms
Block: 18909040 phase:modifiedaccounts accounts: 472 time: 3.665495594s
Block: 18909040 phase:balances accounts: 472 time: 21.091232ms
Block: 18909041 phase:modifiedaccounts accounts: 351 time: 4.549234755s
Block: 18909041 phase:balances accounts: 351 time: 17.866285ms
Block: 18909042 phase:modifiedaccounts accounts: 341 time: 3.839622006s
Block: 18909042 phase:balances accounts: 341 time: 19.685161ms
Block: 18909043 phase:modifiedaccounts accounts: 364 time: 4.626917353s
Block: 18909043 phase:balances accounts: 364 time: 24.189258ms
Block: 18909044 phase:modifiedaccounts accounts: 345 time: 4.720795607s
Block: 18909044 phase:balances accounts: 345 time: 45.605793ms
Block: 18909045 phase:modifiedaccounts accounts: 386 time: 4.071535688s
Block: 18909045 phase:balances accounts: 386 time: 27.445884ms
Block: 18909046 phase:modifiedaccounts accounts: 364 time: 4.816382287s
Block: 18909046 phase:balances accounts: 364 time: 17.324362ms
Block: 18909047 phase:modifiedaccounts accounts: 292 time: 4.083780376s
Block: 18909047 phase:balances accounts: 292 time: 45.07177ms
Block: 18909048 phase:modifiedaccounts accounts: 354 time: 4.332284267s
Block: 18909048 phase:balances accounts: 354 time: 15.728013ms
Block: 18909049 phase:modifiedaccounts accounts: 270 time: 4.552691659s
Block: 18909049 phase:balances accounts: 270 time: 16.197999ms
Block: 18909050 phase:modifiedaccounts accounts: 304 time: 3.311611667s
Block: 18909050 phase:balances accounts: 304 time: 15.300314ms
Block: 18909051 phase:modifiedaccounts accounts: 288 time: 5.411881345s
Block: 18909051 phase:balances accounts: 288 time: 14.993151ms
Block: 18909052 phase:modifiedaccounts accounts: 185 time: 3.927549504s
Block: 18909052 phase:balances accounts: 185 time: 10.067664ms
Block: 18909053 phase:modifiedaccounts accounts: 303 time: 4.827750891s
Block: 18909053 phase:balances accounts: 303 time: 13.81207ms
Block: 18909054 phase:modifiedaccounts accounts: 263 time: 3.579307063s
Block: 18909054 phase:balances accounts: 263 time: 33.187294ms
Block: 18909055 phase:modifiedaccounts accounts: 360 time: 4.731970502s
Block: 18909055 phase:balances accounts: 360 time: 18.571406ms
Block: 18909056 phase:modifiedaccounts accounts: 192 time: 4.217731113s
Block: 18909056 phase:balances accounts: 192 time: 11.818696ms
Block: 18909057 phase:modifiedaccounts accounts: 410 time: 3.459379275s
Block: 18909057 phase:balances accounts: 410 time: 20.897046ms
Block: 18909058 phase:modifiedaccounts accounts: 356 time: 3.884716009s
Block: 18909058 phase:balances accounts: 356 time: 34.339158ms
Block: 18909059 phase:modifiedaccounts accounts: 311 time: 3.937265649s
Block: 18909059 phase:balances accounts: 311 time: 16.922748ms
Block: 18909060 phase:modifiedaccounts accounts: 291 time: 4.274896561s
Block: 18909060 phase:balances accounts: 291 time: 14.76655ms
Block: 18909061 phase:modifiedaccounts accounts: 290 time: 3.691812708s
Block: 18909061 phase:balances accounts: 290 time: 26.806888ms
Block: 18909062 phase:modifiedaccounts accounts: 206 time: 4.962935542s
Block: 18909062 phase:balances accounts: 206 time: 13.282323ms
Block: 18909063 phase:modifiedaccounts accounts: 310 time: 3.634136819s
Block: 18909063 phase:balances accounts: 310 time: 22.270304ms
Block: 18909064 phase:modifiedaccounts accounts: 309 time: 4.571883363s
Block: 18909064 phase:balances accounts: 309 time: 21.952051ms
Block: 18909065 phase:modifiedaccounts accounts: 408 time: 3.965873079s
Block: 18909065 phase:balances accounts: 408 time: 42.175859ms
Block: 18909066 phase:modifiedaccounts accounts: 203 time: 4.33767561s
Block: 18909066 phase:balances accounts: 203 time: 13.276595ms
Block: 18909067 phase:modifiedaccounts accounts: 257 time: 3.815914768s
Block: 18909067 phase:balances accounts: 257 time: 12.2451ms
Block: 18909068 phase:modifiedaccounts accounts: 222 time: 3.376176775s
Block: 18909068 phase:balances accounts: 222 time: 15.266609ms
Block: 18909069 phase:modifiedaccounts accounts: 252 time: 5.168777367s
Block: 18909069 phase:balances accounts: 252 time: 15.356174ms
Block: 18909070 phase:modifiedaccounts accounts: 344 time: 3.340578892s
Block: 18909070 phase:balances accounts: 344 time: 19.121207ms
Block: 18909071 phase:modifiedaccounts accounts: 323 time: 4.713232968s
Block: 18909071 phase:balances accounts: 323 time: 17.176564ms
Block: 18909072 phase:modifiedaccounts accounts: 268 time: 3.775157563s
Block: 18909072 phase:balances accounts: 268 time: 18.393455ms
Block: 18909073 phase:modifiedaccounts accounts: 423 time: 4.292250321s
Block: 18909073 phase:balances accounts: 423 time: 25.026442ms
Block: 18909074 phase:modifiedaccounts accounts: 262 time: 4.604109406s
Block: 18909074 phase:balances accounts: 262 time: 15.563347ms
Block: 18909075 phase:modifiedaccounts accounts: 229 time: 3.495557775s
Block: 18909075 phase:balances accounts: 229 time: 14.166674ms
Block: 18909076 phase:modifiedaccounts accounts: 282 time: 4.375555617s
Block: 18909076 phase:balances accounts: 282 time: 24.51627ms
Block: 18909077 phase:modifiedaccounts accounts: 47 time: 4.44507354s
Block: 18909077 phase:balances accounts: 47 time: 4.46228ms
Block: 18909078 phase:modifiedaccounts accounts: 459 time: 5.08432964s
Block: 18909078 phase:balances accounts: 459 time: 24.932113ms
Block: 18909079 phase:modifiedaccounts accounts: 226 time: 3.899990075s
Block: 18909079 phase:balances accounts: 226 time: 22.346558ms
Block: 18909080 phase:modifiedaccounts accounts: 421 time: 3.721649675s
Block: 18909080 phase:balances accounts: 421 time: 20.115253ms
Block: 18909081 phase:modifiedaccounts accounts: 282 time: 3.721149931s
Block: 18909081 phase:balances accounts: 282 time: 23.988105ms
Block: 18909082 phase:modifiedaccounts accounts: 227 time: 4.287335169s
Block: 18909082 phase:balances accounts: 227 time: 21.597811ms
Block: 18909083 phase:modifiedaccounts accounts: 303 time: 4.838995887s
Block: 18909083 phase:balances accounts: 303 time: 17.806669ms
Block: 18909084 phase:modifiedaccounts accounts: 362 time: 4.93830929s
Block: 18909084 phase:balances accounts: 362 time: 18.497053ms
Block: 18909085 phase:modifiedaccounts accounts: 342 time: 3.870208384s
Block: 18909085 phase:balances accounts: 342 time: 16.525163ms
Block: 18909086 phase:modifiedaccounts accounts: 271 time: 4.377073842s
Block: 18909086 phase:balances accounts: 271 time: 15.343335ms
Block: 18909087 phase:modifiedaccounts accounts: 236 time: 4.00133913s
Block: 18909087 phase:balances accounts: 236 time: 13.437901ms
Block: 18909088 phase:modifiedaccounts accounts: 241 time: 4.824923732s
Block: 18909088 phase:balances accounts: 241 time: 12.586844ms
Block: 18909089 phase:modifiedaccounts accounts: 227 time: 3.354073365s
Block: 18909089 phase:balances accounts: 227 time: 15.782925ms
Block: 18909090 phase:modifiedaccounts accounts: 259 time: 4.622051326s
Block: 18909090 phase:balances accounts: 259 time: 14.675927ms
Block: 18909091 phase:modifiedaccounts accounts: 381 time: 3.274315567s
Block: 18909091 phase:balances accounts: 381 time: 27.63673ms
Block: 18909092 phase:modifiedaccounts accounts: 244 time: 4.141895256s
Block: 18909092 phase:balances accounts: 244 time: 11.61643ms
Block: 18909093 phase:modifiedaccounts accounts: 190 time: 4.008402608s
Block: 18909093 phase:balances accounts: 190 time: 24.708521ms
Block: 18909094 phase:modifiedaccounts accounts: 244 time: 4.705909893s
Block: 18909094 phase:balances accounts: 244 time: 15.250668ms
Block: 18909095 phase:modifiedaccounts accounts: 410 time: 3.281854368s
Block: 18909095 phase:balances accounts: 410 time: 17.674901ms
Block: 18909096 phase:modifiedaccounts accounts: 326 time: 4.519422348s
Block: 18909096 phase:balances accounts: 326 time: 17.442499ms
Block: 18909097 phase:modifiedaccounts accounts: 315 time: 3.416955224s
Block: 18909097 phase:balances accounts: 315 time: 16.140236ms
Block: 18909098 phase:modifiedaccounts accounts: 318 time: 4.701961789s
Block: 18909098 phase:balances accounts: 318 time: 15.620921ms
Block: 18909099 phase:modifiedaccounts accounts: 319 time: 3.023528406s
Block: 18909099 phase:balances accounts: 319 time: 19.858785ms
Block: 18909100 phase:modifiedaccounts accounts: 404 time: 5.016292281s
Block: 18909100 phase:balances accounts: 404 time: 25.380985ms
Block: 18909101 phase:modifiedaccounts accounts: 258 time: 4.146327893s
Block: 18909101 phase:balances accounts: 258 time: 23.599023ms
Block: 18909102 phase:modifiedaccounts accounts: 301 time: 5.01993818s
Block: 18909102 phase:balances accounts: 301 time: 16.69536ms
Block: 18909103 phase:modifiedaccounts accounts: 250 time: 3.396820456s
Block: 18909103 phase:balances accounts: 250 time: 12.072964ms
Block: 18909104 phase:modifiedaccounts accounts: 278 time: 4.461102893s
Block: 18909104 phase:balances accounts: 278 time: 13.613319ms
Block: 18909105 phase:modifiedaccounts accounts: 618 time: 4.736784542s
Block: 18909105 phase:balances accounts: 618 time: 78.846206ms
Block: 18909106 phase:modifiedaccounts accounts: 262 time: 4.507383024s
Block: 18909106 phase:balances accounts: 262 time: 13.151484ms
Block: 18909107 phase:modifiedaccounts accounts: 229 time: 3.889980547s
Block: 18909107 phase:balances accounts: 229 time: 20.467524ms
Block: 18909108 phase:modifiedaccounts accounts: 286 time: 5.5441756s
Block: 18909108 phase:balances accounts: 286 time: 15.513447ms
Block: 18909109 phase:modifiedaccounts accounts: 335 time: 3.403588314s
Block: 18909109 phase:balances accounts: 335 time: 16.623769ms
Block: 18909110 phase:modifiedaccounts accounts: 293 time: 5.239173792s
Block: 18909110 phase:balances accounts: 293 time: 17.411883ms
Block: 18909111 phase:modifiedaccounts accounts: 315 time: 4.957863992s
Block: 18909111 phase:balances accounts: 315 time: 18.082839ms
Block: 18909112 phase:modifiedaccounts accounts: 428 time: 4.563178586s
Block: 18909112 phase:balances accounts: 428 time: 31.406451ms
Block: 18909113 phase:modifiedaccounts accounts: 158 time: 3.771735132s
Block: 18909113 phase:balances accounts: 158 time: 11.774642ms
Block: 18909114 phase:modifiedaccounts accounts: 540 time: 3.63560621s
Block: 18909114 phase:balances accounts: 540 time: 38.311046ms
Block: 18909115 phase:modifiedaccounts accounts: 356 time: 4.157506219s
Block: 18909115 phase:balances accounts: 356 time: 22.463587ms
Block: 18909116 phase:modifiedaccounts accounts: 262 time: 5.087007707s
Block: 18909116 phase:balances accounts: 262 time: 17.491817ms
Block: 18909117 phase:modifiedaccounts accounts: 240 time: 3.211413331s
Block: 18909117 phase:balances accounts: 240 time: 14.973861ms
Block: 18909118 phase:modifiedaccounts accounts: 579 time: 4.573674895s
Block: 18909118 phase:balances accounts: 579 time: 31.766764ms
Block: 18909119 phase:modifiedaccounts accounts: 315 time: 3.68741609s
Block: 18909119 phase:balances accounts: 315 time: 26.327809ms
Block: 18909120 phase:modifiedaccounts accounts: 285 time: 4.918059817s
Block: 18909120 phase:balances accounts: 285 time: 11.469685ms
Block: 18909121 phase:modifiedaccounts accounts: 394 time: 4.353722264s
Block: 18909121 phase:balances accounts: 394 time: 42.234187ms
Block: 18909122 phase:modifiedaccounts accounts: 237 time: 4.583563292s
Block: 18909122 phase:balances accounts: 237 time: 16.454056ms
Block: 18909123 phase:modifiedaccounts accounts: 404 time: 4.323708961s
Block: 18909123 phase:balances accounts: 404 time: 19.381993ms
Block: 18909124 phase:modifiedaccounts accounts: 288 time: 3.747513917s
Block: 18909124 phase:balances accounts: 288 time: 16.325004ms
Block: 18909125 phase:modifiedaccounts accounts: 299 time: 4.70074745s
Block: 18909125 phase:balances accounts: 299 time: 14.920915ms
Block: 18909126 phase:modifiedaccounts accounts: 202 time: 4.308892558s
Block: 18909126 phase:balances accounts: 202 time: 18.4306ms
Block: 18909127 phase:modifiedaccounts accounts: 513 time: 3.937537517s
Block: 18909127 phase:balances accounts: 513 time: 38.0627ms
Block: 18909128 phase:modifiedaccounts accounts: 248 time: 3.524207029s
Block: 18909128 phase:balances accounts: 248 time: 14.191653ms
Block: 18909129 phase:modifiedaccounts accounts: 311 time: 3.527568659s
Block: 18909129 phase:balances accounts: 311 time: 17.961464ms
Block: 18909130 phase:modifiedaccounts accounts: 274 time: 4.013887104s
Block: 18909130 phase:balances accounts: 274 time: 16.553793ms
Block: 18909131 phase:modifiedaccounts accounts: 353 time: 3.680346938s
Block: 18909131 phase:balances accounts: 353 time: 18.458991ms
Block: 18909132 phase:modifiedaccounts accounts: 322 time: 3.768932514s
Block: 18909132 phase:balances accounts: 322 time: 17.796388ms
Block: 18909133 phase:modifiedaccounts accounts: 291 time: 4.178003915s
Block: 18909133 phase:balances accounts: 291 time: 16.820524ms
Block: 18909134 phase:modifiedaccounts accounts: 788 time: 4.491659823s
Block: 18909134 phase:balances accounts: 788 time: 124.855829ms
Block: 18909135 phase:modifiedaccounts accounts: 322 time: 3.891642824s
Block: 18909135 phase:balances accounts: 322 time: 20.890186ms
Block: 18909136 phase:modifiedaccounts accounts: 234 time: 3.808181945s
Block: 18909136 phase:balances accounts: 234 time: 16.695511ms
Block: 18909137 phase:modifiedaccounts accounts: 235 time: 3.663677626s
Block: 18909137 phase:balances accounts: 235 time: 28.032307ms
Block: 18909138 phase:modifiedaccounts accounts: 186 time: 3.366477896s
Block: 18909138 phase:balances accounts: 186 time: 12.232122ms
Block: 18909139 phase:modifiedaccounts accounts: 517 time: 4.270348426s
Block: 18909139 phase:balances accounts: 517 time: 35.880789ms
Block: 18909140 phase:modifiedaccounts accounts: 377 time: 4.628406802s
Block: 18909140 phase:balances accounts: 377 time: 16.013837ms
Block: 18909141 phase:modifiedaccounts accounts: 226 time: 3.603792843s
Block: 18909141 phase:balances accounts: 226 time: 13.781394ms
Block: 18909142 phase:modifiedaccounts accounts: 262 time: 3.206490418s
Block: 18909142 phase:balances accounts: 262 time: 16.66422ms
Block: 18909143 phase:modifiedaccounts accounts: 387 time: 4.603018247s
Block: 18909143 phase:balances accounts: 387 time: 20.631449ms
Block: 18909144 phase:modifiedaccounts accounts: 296 time: 4.074080452s
Block: 18909144 phase:balances accounts: 296 time: 16.786185ms
Block: 18909145 phase:modifiedaccounts accounts: 352 time: 4.14540913s
Block: 18909145 phase:balances accounts: 352 time: 17.287506ms
Block: 18909146 phase:modifiedaccounts accounts: 308 time: 4.114818062s
Block: 18909146 phase:balances accounts: 308 time: 18.253755ms
Block: 18909147 phase:modifiedaccounts accounts: 259 time: 4.03672556s
Block: 18909147 phase:balances accounts: 259 time: 17.469607ms
Block: 18909148 phase:modifiedaccounts accounts: 229 time: 3.887577238s
Block: 18909148 phase:balances accounts: 229 time: 15.460283ms
Block: 18909149 phase:modifiedaccounts accounts: 671 time: 3.424138101s
Block: 18909149 phase:balances accounts: 671 time: 43.007774ms
Block: 18909150 phase:modifiedaccounts accounts: 310 time: 4.461225808s
Block: 18909150 phase:balances accounts: 310 time: 16.229142ms
Block: 18909151 phase:modifiedaccounts accounts: 311 time: 3.897801058s
Block: 18909151 phase:balances accounts: 311 time: 19.566212ms
Block: 18909152 phase:modifiedaccounts accounts: 294 time: 3.745784613s
Block: 18909152 phase:balances accounts: 294 time: 19.029324ms
Block: 18909153 phase:modifiedaccounts accounts: 368 time: 3.477856981s
Block: 18909153 phase:balances accounts: 368 time: 18.158438ms
Block: 18909154 phase:modifiedaccounts accounts: 284 time: 4.86401112s
Block: 18909154 phase:balances accounts: 284 time: 16.025278ms
Block: 18909155 phase:modifiedaccounts accounts: 353 time: 4.130954211s
Block: 18909155 phase:balances accounts: 353 time: 19.384922ms
Block: 18909156 phase:modifiedaccounts accounts: 251 time: 3.582796897s
Block: 18909156 phase:balances accounts: 251 time: 13.268492ms
Block: 18909157 phase:modifiedaccounts accounts: 243 time: 4.24169028s
Block: 18909157 phase:balances accounts: 243 time: 16.512498ms
Block: 18909158 phase:modifiedaccounts accounts: 269 time: 4.187345674s
Block: 18909158 phase:balances accounts: 269 time: 14.936537ms
Block: 18909159 phase:modifiedaccounts accounts: 275 time: 3.455800896s
Block: 18909159 phase:balances accounts: 275 time: 21.276972ms
Block: 18909160 phase:modifiedaccounts accounts: 490 time: 3.453682551s
Block: 18909160 phase:balances accounts: 490 time: 25.34499ms
Block: 18909161 phase:modifiedaccounts accounts: 272 time: 4.086889523s
Block: 18909161 phase:balances accounts: 272 time: 19.241123ms
Block: 18909162 phase:modifiedaccounts accounts: 272 time: 4.254748318s
Block: 18909162 phase:balances accounts: 272 time: 15.154686ms
Block: 18909163 phase:modifiedaccounts accounts: 204 time: 3.45039253s
Block: 18909163 phase:balances accounts: 204 time: 11.644745ms
Block: 18909164 phase:modifiedaccounts accounts: 570 time: 4.222169698s
Block: 18909164 phase:balances accounts: 570 time: 100.478372ms
Block: 18909165 phase:modifiedaccounts accounts: 524 time: 4.589245321s
Block: 18909165 phase:balances accounts: 524 time: 26.223555ms
Block: 18909166 phase:modifiedaccounts accounts: 251 time: 4.771790357s
Block: 18909166 phase:balances accounts: 251 time: 14.578603ms
Block: 18909167 phase:modifiedaccounts accounts: 332 time: 3.445740658s
Block: 18909167 phase:balances accounts: 332 time: 23.008291ms
Block: 18909168 phase:modifiedaccounts accounts: 321 time: 5.4601408s
Block: 18909168 phase:balances accounts: 321 time: 21.71362ms
Block: 18909169 phase:modifiedaccounts accounts: 286 time: 4.300597985s
Block: 18909169 phase:balances accounts: 286 time: 15.5548ms
Block: 18909170 phase:modifiedaccounts accounts: 428 time: 3.5840684s
Block: 18909170 phase:balances accounts: 428 time: 25.89098ms
Block: 18909171 phase:modifiedaccounts accounts: 262 time: 4.362550242s
Block: 18909171 phase:balances accounts: 262 time: 13.990105ms
Block: 18909172 phase:modifiedaccounts accounts: 292 time: 4.907997416s
Block: 18909172 phase:balances accounts: 292 time: 16.746776ms
Block: 18909173 phase:modifiedaccounts accounts: 297 time: 4.673892428s
Block: 18909173 phase:balances accounts: 297 time: 34.01533ms
Block: 18909174 phase:modifiedaccounts accounts: 260 time: 4.12556551s
Block: 18909174 phase:balances accounts: 260 time: 31.191937ms
Block: 18909175 phase:modifiedaccounts accounts: 370 time: 4.079716251s
Block: 18909175 phase:balances accounts: 370 time: 43.557947ms
Block: 18909176 phase:modifiedaccounts accounts: 320 time: 4.04587116s
Block: 18909176 phase:balances accounts: 320 time: 18.566745ms
Block: 18909177 phase:modifiedaccounts accounts: 909 time: 4.880118522s
Block: 18909177 phase:balances accounts: 909 time: 43.859674ms
Block: 18909178 phase:modifiedaccounts accounts: 258 time: 4.034432143s
Block: 18909178 phase:balances accounts: 258 time: 29.818892ms
Block: 18909179 phase:modifiedaccounts accounts: 339 time: 4.557372026s
Block: 18909179 phase:balances accounts: 339 time: 18.735236ms
Block: 18909180 phase:modifiedaccounts accounts: 216 time: 4.239085187s
Block: 18909180 phase:balances accounts: 216 time: 15.880953ms
Block: 18909181 phase:modifiedaccounts accounts: 497 time: 4.613530847s
Block: 18909181 phase:balances accounts: 497 time: 36.939546ms
Block: 18909182 phase:modifiedaccounts accounts: 273 time: 3.880665563s
Block: 18909182 phase:balances accounts: 273 time: 16.840948ms
Block: 18909183 phase:modifiedaccounts accounts: 336 time: 5.066942845s
Block: 18909183 phase:balances accounts: 336 time: 20.495574ms
Block: 18909184 phase:modifiedaccounts accounts: 474 time: 3.880610115s
Block: 18909184 phase:balances accounts: 474 time: 43.144704ms
Block: 18909185 phase:modifiedaccounts accounts: 270 time: 4.592996287s
Block: 18909185 phase:balances accounts: 270 time: 20.959426ms
Block: 18909186 phase:modifiedaccounts accounts: 260 time: 3.401590302s
Block: 18909186 phase:balances accounts: 260 time: 17.505453ms
Block: 18909187 phase:modifiedaccounts accounts: 225 time: 4.63640263s
Block: 18909187 phase:balances accounts: 225 time: 12.363263ms
Block: 18909188 phase:modifiedaccounts accounts: 267 time: 4.493676169s
Block: 18909188 phase:balances accounts: 267 time: 12.088959ms
Block: 18909189 phase:modifiedaccounts accounts: 436 time: 3.464886338s
Block: 18909189 phase:balances accounts: 436 time: 20.826498ms
Block: 18909190 phase:modifiedaccounts accounts: 291 time: 3.098339761s
Block: 18909190 phase:balances accounts: 291 time: 15.406839ms
Block: 18909191 phase:modifiedaccounts accounts: 350 time: 5.506180372s
Block: 18909191 phase:balances accounts: 350 time: 19.489278ms
Block: 18909192 phase:modifiedaccounts accounts: 364 time: 3.770855557s
Block: 18909192 phase:balances accounts: 364 time: 18.752476ms
Block: 18909193 phase:modifiedaccounts accounts: 361 time: 5.177902424s
Block: 18909193 phase:balances accounts: 361 time: 15.658689ms
Block: 18909194 phase:modifiedaccounts accounts: 355 time: 3.454855948s
Block: 18909194 phase:balances accounts: 355 time: 19.843608ms
Block: 18909195 phase:modifiedaccounts accounts: 284 time: 4.437873204s
Block: 18909195 phase:balances accounts: 284 time: 18.484965ms
Block: 18909196 phase:modifiedaccounts accounts: 324 time: 3.558042312s
Block: 18909196 phase:balances accounts: 324 time: 17.568191ms
Block: 18909197 phase:modifiedaccounts accounts: 340 time: 4.313346119s
Block: 18909197 phase:balances accounts: 340 time: 18.260215ms
Block: 18909198 phase:modifiedaccounts accounts: 260 time: 3.351993982s
Block: 18909198 phase:balances accounts: 260 time: 15.322421ms
Block: 18909199 phase:modifiedaccounts accounts: 279 time: 3.643744869s
Block: 18909199 phase:balances accounts: 279 time: 16.49556ms
Block: 18909200 phase:modifiedaccounts accounts: 335 time: 5.69720536s
Block: 18909200 phase:balances accounts: 335 time: 18.908109ms
Block: 18909201 phase:modifiedaccounts accounts: 272 time: 3.823417669s
Block: 18909201 phase:balances accounts: 272 time: 13.790496ms
Block: 18909202 phase:modifiedaccounts accounts: 274 time: 3.023717879s
Block: 18909202 phase:balances accounts: 274 time: 15.048831ms
Block: 18909203 phase:modifiedaccounts accounts: 315 time: 4.899008746s
Block: 18909203 phase:balances accounts: 315 time: 13.550301ms
Block: 18909204 phase:modifiedaccounts accounts: 315 time: 3.111188537s
Block: 18909204 phase:balances accounts: 315 time: 17.209559ms
Block: 18909205 phase:modifiedaccounts accounts: 250 time: 4.78554692s
Block: 18909205 phase:balances accounts: 250 time: 13.341771ms
Block: 18909206 phase:modifiedaccounts accounts: 285 time: 3.864335557s
Block: 18909206 phase:balances accounts: 285 time: 14.55642ms
Block: 18909207 phase:modifiedaccounts accounts: 239 time: 5.232238219s
Block: 18909207 phase:balances accounts: 239 time: 12.689172ms
Block: 18909208 phase:modifiedaccounts accounts: 302 time: 3.59013601s
Block: 18909208 phase:balances accounts: 302 time: 16.277092ms
Block: 18909209 phase:modifiedaccounts accounts: 338 time: 4.923737741s
Block: 18909209 phase:balances accounts: 338 time: 14.575297ms
Block: 18909210 phase:modifiedaccounts accounts: 244 time: 3.682595521s
Block: 18909210 phase:balances accounts: 244 time: 15.137638ms
Block: 18909211 phase:modifiedaccounts accounts: 199 time: 4.368436496s
Block: 18909211 phase:balances accounts: 199 time: 28.215646ms
Block: 18909212 phase:modifiedaccounts accounts: 225 time: 3.957849486s
Block: 18909212 phase:balances accounts: 225 time: 15.097723ms
Block: 18909213 phase:modifiedaccounts accounts: 244 time: 3.356480895s
Block: 18909213 phase:balances accounts: 244 time: 14.034731ms
Block: 18909214 phase:modifiedaccounts accounts: 344 time: 4.610549153s
Block: 18909214 phase:balances accounts: 344 time: 19.016852ms
Block: 18909215 phase:modifiedaccounts accounts: 200 time: 3.374298361s
Block: 18909215 phase:balances accounts: 200 time: 11.815137ms
Block: 18909216 phase:modifiedaccounts accounts: 195 time: 5.169096491s
Block: 18909216 phase:balances accounts: 195 time: 12.297471ms
Block: 18909217 phase:modifiedaccounts accounts: 239 time: 3.301047321s
Block: 18909217 phase:balances accounts: 239 time: 13.386008ms
Block: 18909218 phase:modifiedaccounts accounts: 286 time: 4.619279191s
Block: 18909218 phase:balances accounts: 286 time: 16.261963ms
Block: 18909219 phase:modifiedaccounts accounts: 263 time: 3.581076202s
Block: 18909219 phase:balances accounts: 263 time: 11.672134ms
Block: 18909220 phase:modifiedaccounts accounts: 254 time: 3.678427783s
Block: 18909220 phase:balances accounts: 254 time: 11.531429ms
Block: 18909221 phase:modifiedaccounts accounts: 206 time: 4.252817232s
Block: 18909221 phase:balances accounts: 206 time: 11.648018ms
Block: 18909222 phase:modifiedaccounts accounts: 252 time: 4.110041676s
Block: 18909222 phase:balances accounts: 252 time: 12.198838ms
Block: 18909223 phase:modifiedaccounts accounts: 281 time: 5.254891175s
Block: 18909223 phase:balances accounts: 281 time: 15.935634ms
Block: 18909224 phase:modifiedaccounts accounts: 215 time: 3.481457372s
Block: 18909224 phase:balances accounts: 215 time: 11.997774ms
Block: 18909225 phase:modifiedaccounts accounts: 276 time: 3.237482128s
Block: 18909225 phase:balances accounts: 276 time: 17.143121ms
Block: 18909226 phase:modifiedaccounts accounts: 262 time: 4.314871766s
Block: 18909226 phase:balances accounts: 262 time: 13.325714ms
Block: 18909227 phase:modifiedaccounts accounts: 297 time: 3.303962655s
Block: 18909227 phase:balances accounts: 297 time: 46.463223ms
Block: 18909228 phase:modifiedaccounts accounts: 221 time: 4.497703109s
Block: 18909228 phase:balances accounts: 221 time: 12.525089ms
Block: 18909229 phase:modifiedaccounts accounts: 325 time: 4.003399433s
Block: 18909229 phase:balances accounts: 325 time: 15.428581ms
Block: 18909230 phase:modifiedaccounts accounts: 249 time: 3.406466631s
Block: 18909230 phase:balances accounts: 249 time: 16.211369ms
Block: 18909231 phase:modifiedaccounts accounts: 269 time: 4.437492191s
Block: 18909231 phase:balances accounts: 269 time: 14.930366ms
Block: 18909232 phase:modifiedaccounts accounts: 171 time: 4.426962709s
Block: 18909232 phase:balances accounts: 171 time: 11.797542ms
Block: 18909233 phase:modifiedaccounts accounts: 268 time: 3.420686839s
Block: 18909233 phase:balances accounts: 268 time: 11.457172ms
Block: 18909234 phase:modifiedaccounts accounts: 243 time: 5.089288162s
Block: 18909234 phase:balances accounts: 243 time: 11.998481ms
Block: 18909235 phase:modifiedaccounts accounts: 182 time: 3.391449554s
Block: 18909235 phase:balances accounts: 182 time: 8.632624ms
Block: 18909236 phase:modifiedaccounts accounts: 231 time: 4.316299606s
Block: 18909236 phase:balances accounts: 231 time: 12.336452ms
Block: 18909237 phase:modifiedaccounts accounts: 190 time: 3.405645891s
Block: 18909237 phase:balances accounts: 190 time: 10.716772ms
Block: 18909238 phase:modifiedaccounts accounts: 280 time: 4.542774553s
Block: 18909238 phase:balances accounts: 280 time: 23.060877ms
Block: 18909239 phase:modifiedaccounts accounts: 379 time: 3.72724587s
Block: 18909239 phase:balances accounts: 379 time: 19.697878ms
Block: 18909240 phase:modifiedaccounts accounts: 214 time: 4.525060258s
Block: 18909240 phase:balances accounts: 214 time: 13.110873ms
Block: 18909241 phase:modifiedaccounts accounts: 633 time: 3.343442455s
Block: 18909241 phase:balances accounts: 633 time: 28.266625ms
Block: 18909242 phase:modifiedaccounts accounts: 167 time: 4.524621555s
Block: 18909242 phase:balances accounts: 167 time: 10.709852ms
Block: 18909243 phase:modifiedaccounts accounts: 356 time: 3.697784273s
Block: 18909243 phase:balances accounts: 356 time: 22.341165ms
Block: 18909244 phase:modifiedaccounts accounts: 213 time: 4.679700576s
Block: 18909244 phase:balances accounts: 213 time: 8.906922ms
Block: 18909245 phase:modifiedaccounts accounts: 260 time: 3.747695603s
Block: 18909245 phase:balances accounts: 260 time: 12.750366ms
Block: 18909246 phase:modifiedaccounts accounts: 187 time: 4.004929443s
Block: 18909246 phase:balances accounts: 187 time: 13.335644ms
Block: 18909247 phase:modifiedaccounts accounts: 267 time: 4.317304588s
Block: 18909247 phase:balances accounts: 267 time: 15.03096ms
Block: 18909248 phase:modifiedaccounts accounts: 270 time: 3.790519981s
Block: 18909248 phase:balances accounts: 270 time: 18.119095ms
Block: 18909249 phase:modifiedaccounts accounts: 236 time: 3.661256049s
Block: 18909249 phase:balances accounts: 236 time: 25.854811ms
Block: 18909250 phase:modifiedaccounts accounts: 278 time: 4.971556257s
Block: 18909250 phase:balances accounts: 278 time: 14.054878ms
Block: 18909251 phase:modifiedaccounts accounts: 222 time: 4.606788573s
Block: 18909251 phase:balances accounts: 222 time: 16.571066ms
Block: 18909252 phase:modifiedaccounts accounts: 172 time: 3.968508941s
Block: 18909252 phase:balances accounts: 172 time: 9.988197ms
Block: 18909253 phase:modifiedaccounts accounts: 302 time: 5.362152582s
Block: 18909253 phase:balances accounts: 302 time: 16.520525ms
Block: 18909254 phase:modifiedaccounts accounts: 295 time: 3.869258865s
Block: 18909254 phase:balances accounts: 295 time: 24.663946ms
Block: 18909255 phase:modifiedaccounts accounts: 264 time: 4.143513722s
Block: 18909255 phase:balances accounts: 264 time: 11.900852ms
Block: 18909256 phase:modifiedaccounts accounts: 149 time: 4.461614796s
Block: 18909256 phase:balances accounts: 149 time: 8.249487ms
Block: 18909257 phase:modifiedaccounts accounts: 332 time: 4.052387138s
Block: 18909257 phase:balances accounts: 332 time: 47.099349ms
Block: 18909258 phase:modifiedaccounts accounts: 251 time: 4.910463581s
Block: 18909258 phase:balances accounts: 251 time: 13.25778ms
Block: 18909259 phase:modifiedaccounts accounts: 206 time: 3.465022831s
Block: 18909259 phase:balances accounts: 206 time: 14.762035ms
Block: 18909260 phase:modifiedaccounts accounts: 264 time: 4.938933847s
Block: 18909260 phase:balances accounts: 264 time: 14.582834ms
Block: 18909261 phase:modifiedaccounts accounts: 300 time: 3.455627473s
Block: 18909261 phase:balances accounts: 300 time: 15.681132ms
Block: 18909262 phase:modifiedaccounts accounts: 183 time: 3.516111372s
Block: 18909262 phase:balances accounts: 183 time: 9.983766ms
Block: 18909263 phase:modifiedaccounts accounts: 355 time: 4.952857273s
Block: 18909263 phase:balances accounts: 355 time: 13.494025ms
Block: 18909264 phase:modifiedaccounts accounts: 301 time: 3.681137426s
Block: 18909264 phase:balances accounts: 301 time: 17.04707ms
Block: 18909265 phase:modifiedaccounts accounts: 454 time: 4.551453204s
Block: 18909265 phase:balances accounts: 454 time: 26.043356ms
Block: 18909266 phase:modifiedaccounts accounts: 287 time: 4.165632187s
Block: 18909266 phase:balances accounts: 287 time: 13.038128ms
Block: 18909267 phase:modifiedaccounts accounts: 239 time: 4.613483156s
Block: 18909267 phase:balances accounts: 239 time: 13.003497ms
Block: 18909268 phase:modifiedaccounts accounts: 374 time: 3.154854529s
Block: 18909268 phase:balances accounts: 374 time: 26.61133ms
Block: 18909269 phase:modifiedaccounts accounts: 219 time: 4.346989062s
Block: 18909269 phase:balances accounts: 219 time: 27.70853ms
Block: 18909270 phase:modifiedaccounts accounts: 265 time: 3.659524417s
Block: 18909270 phase:balances accounts: 265 time: 14.664328ms
Block: 18909271 phase:modifiedaccounts accounts: 389 time: 4.665013045s
Block: 18909271 phase:balances accounts: 389 time: 15.818085ms
Block: 18909272 phase:modifiedaccounts accounts: 256 time: 3.296677011s
Block: 18909272 phase:balances accounts: 256 time: 15.596606ms
Block: 18909273 phase:modifiedaccounts accounts: 382 time: 4.8065678s
Block: 18909273 phase:balances accounts: 382 time: 24.02907ms
Block: 18909274 phase:modifiedaccounts accounts: 251 time: 3.352479191s
Block: 18909274 phase:balances accounts: 251 time: 10.392418ms
Block: 18909275 phase:modifiedaccounts accounts: 355 time: 5.093307913s
Block: 18909275 phase:balances accounts: 355 time: 21.237861ms
Block: 18909276 phase:modifiedaccounts accounts: 445 time: 3.724859022s
Block: 18909276 phase:balances accounts: 445 time: 22.100748ms
Block: 18909277 phase:modifiedaccounts accounts: 212 time: 5.379444223s
Block: 18909277 phase:balances accounts: 212 time: 12.05995ms
Block: 18909278 phase:modifiedaccounts accounts: 360 time: 3.271604003s
Block: 18909278 phase:balances accounts: 360 time: 19.085908ms
Block: 18909279 phase:modifiedaccounts accounts: 362 time: 5.300414627s
Block: 18909279 phase:balances accounts: 362 time: 14.053669ms
Block: 18909280 phase:modifiedaccounts accounts: 387 time: 4.47654476s
Block: 18909280 phase:balances accounts: 387 time: 17.610282ms
Block: 18909281 phase:modifiedaccounts accounts: 284 time: 3.326840926s
Block: 18909281 phase:balances accounts: 284 time: 16.61074ms
Block: 18909282 phase:modifiedaccounts accounts: 182 time: 4.606372475s
Block: 18909282 phase:balances accounts: 182 time: 14.717117ms
Block: 18909283 phase:modifiedaccounts accounts: 310 time: 3.646032638s
Block: 18909283 phase:balances accounts: 310 time: 14.041ms
Block: 18909284 phase:modifiedaccounts accounts: 275 time: 3.977527261s
Block: 18909284 phase:balances accounts: 275 time: 29.01834ms
Block: 18909285 phase:modifiedaccounts accounts: 254 time: 3.612982145s
Block: 18909285 phase:balances accounts: 254 time: 13.5272ms
Block: 18909286 phase:modifiedaccounts accounts: 279 time: 4.578908492s
Block: 18909286 phase:balances accounts: 279 time: 15.812899ms
Block: 18909287 phase:modifiedaccounts accounts: 254 time: 4.318677117s
Block: 18909287 phase:balances accounts: 254 time: 31.47128ms
Block: 18909288 phase:modifiedaccounts accounts: 332 time: 4.133454537s
Block: 18909288 phase:balances accounts: 332 time: 17.347912ms
Block: 18909289 phase:modifiedaccounts accounts: 291 time: 3.563519781s
Block: 18909289 phase:balances accounts: 291 time: 15.42404ms
Block: 18909290 phase:modifiedaccounts accounts: 324 time: 4.914556833s
Block: 18909290 phase:balances accounts: 324 time: 17.091759ms
Block: 18909291 phase:modifiedaccounts accounts: 260 time: 3.642316363s
Block: 18909291 phase:balances accounts: 260 time: 15.097322ms
Block: 18909292 phase:modifiedaccounts accounts: 379 time: 5.133825283s
Block: 18909292 phase:balances accounts: 379 time: 28.462628ms
Block: 18909293 phase:modifiedaccounts accounts: 312 time: 4.465908504s
Block: 18909293 phase:balances accounts: 312 time: 34.747685ms
Block: 18909294 phase:modifiedaccounts accounts: 276 time: 3.73036345s
Block: 18909294 phase:balances accounts: 276 time: 15.765806ms
Block: 18909295 phase:modifiedaccounts accounts: 304 time: 4.724653402s
Block: 18909295 phase:balances accounts: 304 time: 34.999148ms
Block: 18909296 phase:modifiedaccounts accounts: 229 time: 4.351435253s
Block: 18909296 phase:balances accounts: 229 time: 13.410845ms
Block: 18909297 phase:modifiedaccounts accounts: 286 time: 3.399858093s
Block: 18909297 phase:balances accounts: 286 time: 14.07552ms
Block: 18909298 phase:modifiedaccounts accounts: 1390 time: 5.233699799s
Block: 18909298 phase:balances accounts: 1390 time: 69.438239ms
Block: 18909299 phase:modifiedaccounts accounts: 352 time: 4.800315779s
Block: 18909299 phase:balances accounts: 352 time: 35.975478ms
Block: 18909300 phase:modifiedaccounts accounts: 279 time: 3.649568374s
Block: 18909300 phase:balances accounts: 279 time: 13.775137ms
Block: 18909301 phase:modifiedaccounts accounts: 173 time: 3.159556246s
Block: 18909301 phase:balances accounts: 173 time: 9.750088ms
Block: 18909302 phase:modifiedaccounts accounts: 232 time: 4.791120263s
Block: 18909302 phase:balances accounts: 232 time: 13.137242ms
Block: 18909303 phase:modifiedaccounts accounts: 422 time: 3.381329612s
Block: 18909303 phase:balances accounts: 422 time: 28.14649ms
Block: 18909304 phase:modifiedaccounts accounts: 316 time: 3.451821509s
Block: 18909304 phase:balances accounts: 316 time: 18.690685ms
Block: 18909305 phase:modifiedaccounts accounts: 270 time: 3.141763226s
Block: 18909305 phase:balances accounts: 270 time: 24.730256ms
Block: 18909306 phase:modifiedaccounts accounts: 592 time: 5.346502755s
Block: 18909306 phase:balances accounts: 592 time: 34.40332ms
Block: 18909307 phase:modifiedaccounts accounts: 314 time: 3.043780773s
Block: 18909307 phase:balances accounts: 314 time: 25.623308ms
Block: 18909308 phase:modifiedaccounts accounts: 325 time: 4.467896821s
Block: 18909308 phase:balances accounts: 325 time: 12.49129ms
Block: 18909309 phase:modifiedaccounts accounts: 193 time: 3.44400121s
Block: 18909309 phase:balances accounts: 193 time: 15.144325ms
Block: 18909310 phase:modifiedaccounts accounts: 314 time: 3.403858476s
Block: 18909310 phase:balances accounts: 314 time: 12.52363ms
Block: 18909311 phase:modifiedaccounts accounts: 244 time: 5.619516263s
Block: 18909311 phase:balances accounts: 244 time: 13.898381ms
Block: 18909312 phase:modifiedaccounts accounts: 305 time: 3.98477152s
Block: 18909312 phase:balances accounts: 305 time: 14.814915ms
Block: 18909313 phase:modifiedaccounts accounts: 275 time: 4.017595109s
Block: 18909313 phase:balances accounts: 275 time: 11.356355ms
Block: 18909314 phase:modifiedaccounts accounts: 235 time: 3.664876979s
Block: 18909314 phase:balances accounts: 235 time: 12.847221ms
Block: 18909315 phase:modifiedaccounts accounts: 296 time: 4.311170484s
Block: 18909315 phase:balances accounts: 296 time: 19.189399ms
Block: 18909316 phase:modifiedaccounts accounts: 218 time: 4.004240226s
Block: 18909316 phase:balances accounts: 218 time: 15.567341ms
Block: 18909317 phase:modifiedaccounts accounts: 296 time: 4.074477982s
Block: 18909317 phase:balances accounts: 296 time: 18.699906ms
Block: 18909318 phase:modifiedaccounts accounts: 1200 time: 6.078249651s
Block: 18909318 phase:balances accounts: 1200 time: 173.982211ms
Block: 18909319 phase:modifiedaccounts accounts: 303 time: 4.413800987s
Block: 18909319 phase:balances accounts: 303 time: 18.589051ms
Block: 18909320 phase:modifiedaccounts accounts: 339 time: 4.196797287s
Block: 18909320 phase:balances accounts: 339 time: 14.06099ms
Block: 18909321 phase:modifiedaccounts accounts: 292 time: 3.523508541s
Block: 18909321 phase:balances accounts: 292 time: 11.471608ms
Block: 18909322 phase:modifiedaccounts accounts: 319 time: 3.184650472s
Block: 18909322 phase:balances accounts: 319 time: 23.754747ms
Block: 18909323 phase:modifiedaccounts accounts: 367 time: 4.884310127s
Block: 18909323 phase:balances accounts: 367 time: 14.641388ms
Block: 18909324 phase:modifiedaccounts accounts: 261 time: 3.406471148s
Block: 18909324 phase:balances accounts: 261 time: 13.920397ms
Block: 18909325 phase:modifiedaccounts accounts: 223 time: 4.780831974s
Block: 18909325 phase:balances accounts: 223 time: 11.476512ms
Block: 18909326 phase:modifiedaccounts accounts: 317 time: 3.537246726s
Block: 18909326 phase:balances accounts: 317 time: 13.27932ms
Block: 18909327 phase:modifiedaccounts accounts: 311 time: 5.525684938s
Block: 18909327 phase:balances accounts: 311 time: 30.309818ms
Block: 18909328 phase:modifiedaccounts accounts: 375 time: 3.681017533s
Block: 18909328 phase:balances accounts: 375 time: 18.358344ms
Block: 18909329 phase:modifiedaccounts accounts: 304 time: 4.620531645s
Block: 18909329 phase:balances accounts: 304 time: 27.418261ms
Block: 18909330 phase:modifiedaccounts accounts: 222 time: 3.853055924s
Block: 18909330 phase:balances accounts: 222 time: 14.091638ms
Block: 18909331 phase:modifiedaccounts accounts: 338 time: 4.564270206s
Block: 18909331 phase:balances accounts: 338 time: 20.999064ms
Block: 18909332 phase:modifiedaccounts accounts: 251 time: 3.388784471s
Block: 18909332 phase:balances accounts: 251 time: 14.71176ms
Block: 18909333 phase:modifiedaccounts accounts: 296 time: 4.844310427s
Block: 18909333 phase:balances accounts: 296 time: 14.4831ms
Block: 18909334 phase:modifiedaccounts accounts: 263 time: 3.229639566s
Block: 18909334 phase:balances accounts: 263 time: 18.487393ms
Block: 18909335 phase:modifiedaccounts accounts: 361 time: 4.616309113s
Block: 18909335 phase:balances accounts: 361 time: 19.570495ms
Block: 18909336 phase:modifiedaccounts accounts: 265 time: 3.758000906s
Block: 18909336 phase:balances accounts: 265 time: 12.83633ms
Block: 18909337 phase:modifiedaccounts accounts: 299 time: 4.062923911s
Block: 18909337 phase:balances accounts: 299 time: 22.988202ms
Block: 18909338 phase:modifiedaccounts accounts: 501 time: 3.970009998s
Block: 18909338 phase:balances accounts: 501 time: 24.677506ms
Block: 18909339 phase:modifiedaccounts accounts: 300 time: 4.267247877s
Block: 18909339 phase:balances accounts: 300 time: 25.783681ms
Block: 18909340 phase:modifiedaccounts accounts: 324 time: 4.050755505s
Block: 18909340 phase:balances accounts: 324 time: 13.829366ms
Block: 18909341 phase:modifiedaccounts accounts: 414 time: 4.048137418s
Block: 18909341 phase:balances accounts: 414 time: 22.401439ms
Block: 18909342 phase:modifiedaccounts accounts: 285 time: 4.497810711s
Block: 18909342 phase:balances accounts: 285 time: 12.4487ms
Block: 18909343 phase:modifiedaccounts accounts: 370 time: 3.996594283s
Block: 18909343 phase:balances accounts: 370 time: 21.635468ms
Block: 18909344 phase:modifiedaccounts accounts: 295 time: 3.641258708s
Block: 18909344 phase:balances accounts: 295 time: 13.740444ms
Block: 18909345 phase:modifiedaccounts accounts: 334 time: 3.772525428s
Block: 18909345 phase:balances accounts: 334 time: 16.33333ms
Block: 18909346 phase:modifiedaccounts accounts: 466 time: 4.931045416s
Block: 18909346 phase:balances accounts: 466 time: 21.712898ms
Block: 18909347 phase:modifiedaccounts accounts: 289 time: 3.72452612s
Block: 18909347 phase:balances accounts: 289 time: 15.131885ms
Block: 18909348 phase:modifiedaccounts accounts: 294 time: 3.369471469s
Block: 18909348 phase:balances accounts: 294 time: 11.831252ms
Block: 18909349 phase:modifiedaccounts accounts: 258 time: 4.616635878s
Block: 18909349 phase:balances accounts: 258 time: 21.234059ms
Block: 18909350 phase:modifiedaccounts accounts: 254 time: 3.266710386s
Block: 18909350 phase:balances accounts: 254 time: 10.002129ms
Block: 18909351 phase:modifiedaccounts accounts: 248 time: 3.747689311s
Block: 18909351 phase:balances accounts: 248 time: 13.859258ms
Block: 18909352 phase:modifiedaccounts accounts: 362 time: 4.552799974s
Block: 18909352 phase:balances accounts: 362 time: 14.021684ms
Block: 18909353 phase:modifiedaccounts accounts: 277 time: 3.037472899s
Block: 18909353 phase:balances accounts: 277 time: 14.019395ms
Block: 18909354 phase:modifiedaccounts accounts: 298 time: 4.489152587s
Block: 18909354 phase:balances accounts: 298 time: 13.005269ms
Block: 18909355 phase:modifiedaccounts accounts: 334 time: 3.780776813s
Block: 18909355 phase:balances accounts: 334 time: 13.376432ms
Block: 18909356 phase:modifiedaccounts accounts: 208 time: 4.710209523s
Block: 18909356 phase:balances accounts: 208 time: 7.61828ms
Block: 18909357 phase:modifiedaccounts accounts: 447 time: 3.018712619s
Block: 18909357 phase:balances accounts: 447 time: 19.65583ms
Block: 18909358 phase:modifiedaccounts accounts: 288 time: 3.67611959s
Block: 18909358 phase:balances accounts: 288 time: 24.481186ms
Block: 18909359 phase:modifiedaccounts accounts: 321 time: 4.334304304s
Block: 18909359 phase:balances accounts: 321 time: 15.736626ms
Block: 18909360 phase:modifiedaccounts accounts: 294 time: 4.344530494s
Block: 18909360 phase:balances accounts: 294 time: 16.456329ms
Block: 18909361 phase:modifiedaccounts accounts: 256 time: 4.010447906s
Block: 18909361 phase:balances accounts: 256 time: 12.086475ms
Block: 18909362 phase:modifiedaccounts accounts: 434 time: 4.985526303s
Block: 18909362 phase:balances accounts: 434 time: 40.279805ms
Block: 18909363 phase:modifiedaccounts accounts: 289 time: 3.987931473s
Block: 18909363 phase:balances accounts: 289 time: 9.23406ms
Block: 18909364 phase:modifiedaccounts accounts: 388 time: 3.737051382s
Block: 18909364 phase:balances accounts: 388 time: 14.520737ms
Block: 18909365 phase:modifiedaccounts accounts: 283 time: 3.981313917s
Block: 18909365 phase:balances accounts: 283 time: 11.824332ms
Block: 18909366 phase:modifiedaccounts accounts: 255 time: 4.997904212s
Block: 18909366 phase:balances accounts: 255 time: 12.310543ms
Block: 18909367 phase:modifiedaccounts accounts: 298 time: 3.970670695s
Block: 18909367 phase:balances accounts: 298 time: 14.671892ms
Block: 18909368 phase:modifiedaccounts accounts: 263 time: 3.983628678s
Block: 18909368 phase:balances accounts: 263 time: 10.401449ms
Block: 18909369 phase:modifiedaccounts accounts: 278 time: 4.972422465s
Block: 18909369 phase:balances accounts: 278 time: 11.687489ms
Block: 18909370 phase:modifiedaccounts accounts: 276 time: 3.294557678s
Block: 18909370 phase:balances accounts: 276 time: 10.801397ms
Block: 18909371 phase:modifiedaccounts accounts: 337 time: 4.314254449s
Block: 18909371 phase:balances accounts: 337 time: 16.564389ms
Block: 18909372 phase:modifiedaccounts accounts: 148 time: 3.662046561s
Block: 18909372 phase:balances accounts: 148 time: 18.66851ms
Block: 18909373 phase:modifiedaccounts accounts: 469 time: 3.951306319s
Block: 18909373 phase:balances accounts: 469 time: 18.981665ms
Block: 18909374 phase:modifiedaccounts accounts: 356 time: 4.383698777s
Block: 18909374 phase:balances accounts: 356 time: 11.258116ms
Block: 18909375 phase:modifiedaccounts accounts: 251 time: 3.92175535s
Block: 18909375 phase:balances accounts: 251 time: 13.780873ms
Block: 18909376 phase:modifiedaccounts accounts: 289 time: 4.219887131s
Block: 18909376 phase:balances accounts: 289 time: 16.60878ms
Block: 18909377 phase:modifiedaccounts accounts: 325 time: 4.222807457s
Block: 18909377 phase:balances accounts: 325 time: 12.532475ms
Block: 18909378 phase:modifiedaccounts accounts: 253 time: 3.300882116s
Block: 18909378 phase:balances accounts: 253 time: 20.702018ms
Block: 18909379 phase:modifiedaccounts accounts: 312 time: 4.607595771s
Block: 18909379 phase:balances accounts: 312 time: 13.002408ms
Block: 18909380 phase:modifiedaccounts accounts: 330 time: 3.059279107s
Block: 18909380 phase:balances accounts: 330 time: 20.148328ms
Block: 18909381 phase:modifiedaccounts accounts: 250 time: 4.224817813s
Block: 18909381 phase:balances accounts: 250 time: 10.899154ms
Block: 18909382 phase:modifiedaccounts accounts: 287 time: 3.099653706s
Block: 18909382 phase:balances accounts: 287 time: 14.616237ms
Block: 18909383 phase:modifiedaccounts accounts: 292 time: 5.028524128s
Block: 18909383 phase:balances accounts: 292 time: 11.821406ms
Block: 18909384 phase:modifiedaccounts accounts: 250 time: 3.847745726s
Block: 18909384 phase:balances accounts: 250 time: 13.089879ms
Block: 18909385 phase:modifiedaccounts accounts: 245 time: 5.083533414s
Block: 18909385 phase:balances accounts: 245 time: 9.555665ms
Block: 18909386 phase:modifiedaccounts accounts: 275 time: 3.327535555s
Block: 18909386 phase:balances accounts: 275 time: 11.83215ms
Block: 18909387 phase:modifiedaccounts accounts: 272 time: 3.36640841s
Block: 18909387 phase:balances accounts: 272 time: 21.319733ms
Block: 18909388 phase:modifiedaccounts accounts: 262 time: 4.770124607s
Block: 18909388 phase:balances accounts: 262 time: 11.236991ms
Block: 18909389 phase:modifiedaccounts accounts: 821 time: 3.384879399s
Block: 18909389 phase:balances accounts: 821 time: 37.159856ms
Block: 18909390 phase:modifiedaccounts accounts: 367 time: 4.39891563s
Block: 18909390 phase:balances accounts: 367 time: 14.762119ms
Block: 18909391 phase:modifiedaccounts accounts: 248 time: 4.111659734s
Block: 18909391 phase:balances accounts: 248 time: 14.071469ms
Block: 18909392 phase:modifiedaccounts accounts: 365 time: 5.306141198s
Block: 18909392 phase:balances accounts: 365 time: 13.337977ms
Block: 18909393 phase:modifiedaccounts accounts: 243 time: 4.352574795s
Block: 18909393 phase:balances accounts: 243 time: 12.381325ms
Block: 18909394 phase:modifiedaccounts accounts: 304 time: 4.911000457s
Block: 18909394 phase:balances accounts: 304 time: 15.224632ms
Block: 18909395 phase:modifiedaccounts accounts: 288 time: 3.556362403s
Block: 18909395 phase:balances accounts: 288 time: 15.978064ms
Block: 18909396 phase:modifiedaccounts accounts: 260 time: 4.713078173s
Block: 18909396 phase:balances accounts: 260 time: 9.195062ms
Block: 18909397 phase:modifiedaccounts accounts: 334 time: 3.847641795s
Block: 18909397 phase:balances accounts: 334 time: 13.73968ms
Block: 18909398 phase:modifiedaccounts accounts: 258 time: 5.067229161s
Block: 18909398 phase:balances accounts: 258 time: 18.46654ms
Block: 18909399 phase:modifiedaccounts accounts: 282 time: 4.034685505s
Block: 18909399 phase:balances accounts: 282 time: 15.608729ms
Block: 18909400 phase:modifiedaccounts accounts: 227 time: 3.219120586s
Block: 18909400 phase:balances accounts: 227 time: 9.495837ms
Block: 18909401 phase:modifiedaccounts accounts: 266 time: 4.587780642s
Block: 18909401 phase:balances accounts: 266 time: 10.950873ms
Block: 18909402 phase:modifiedaccounts accounts: 302 time: 3.429737854s
Block: 18909402 phase:balances accounts: 302 time: 14.663792ms
Block: 18909403 phase:modifiedaccounts accounts: 286 time: 4.58399553s
Block: 18909403 phase:balances accounts: 286 time: 8.914907ms
Block: 18909404 phase:modifiedaccounts accounts: 398 time: 3.92515809s
Block: 18909404 phase:balances accounts: 398 time: 17.033752ms
Block: 18909405 phase:modifiedaccounts accounts: 242 time: 3.262351151s
Block: 18909405 phase:balances accounts: 242 time: 12.487521ms
Block: 18909406 phase:modifiedaccounts accounts: 304 time: 3.725089256s
Block: 18909406 phase:balances accounts: 304 time: 17.205839ms
Block: 18909407 phase:modifiedaccounts accounts: 434 time: 4.412868718s
Block: 18909407 phase:balances accounts: 434 time: 12.841988ms
Block: 18909408 phase:modifiedaccounts accounts: 212 time: 3.143290082s
Block: 18909408 phase:balances accounts: 212 time: 13.909288ms
Block: 18909409 phase:modifiedaccounts accounts: 286 time: 5.231745006s
Block: 18909409 phase:balances accounts: 286 time: 11.128213ms
Block: 18909410 phase:modifiedaccounts accounts: 236 time: 3.634116035s
Block: 18909410 phase:balances accounts: 236 time: 9.862892ms
Block: 18909411 phase:modifiedaccounts accounts: 288 time: 3.438436142s
Block: 18909411 phase:balances accounts: 288 time: 27.986057ms
Block: 18909412 phase:modifiedaccounts accounts: 384 time: 4.52537186s
Block: 18909412 phase:balances accounts: 384 time: 33.987142ms
Block: 18909413 phase:modifiedaccounts accounts: 354 time: 3.333433036s
Block: 18909413 phase:balances accounts: 354 time: 13.002822ms
Block: 18909414 phase:modifiedaccounts accounts: 198 time: 3.507751901s
Block: 18909414 phase:balances accounts: 198 time: 23.814497ms
Block: 18909415 phase:modifiedaccounts accounts: 274 time: 4.167334786s
Block: 18909415 phase:balances accounts: 274 time: 7.235363ms
Block: 18909416 phase:modifiedaccounts accounts: 185 time: 3.451306949s
Block: 18909416 phase:balances accounts: 185 time: 11.132069ms
Block: 18909417 phase:modifiedaccounts accounts: 325 time: 5.17246976s
Block: 18909417 phase:balances accounts: 325 time: 17.239401ms
Block: 18909418 phase:modifiedaccounts accounts: 250 time: 3.374176083s
Block: 18909418 phase:balances accounts: 250 time: 13.789222ms
Block: 18909419 phase:modifiedaccounts accounts: 285 time: 5.803711966s
Block: 18909419 phase:balances accounts: 285 time: 20.806149ms
Block: 18909420 phase:modifiedaccounts accounts: 340 time: 4.254273677s
Block: 18909420 phase:balances accounts: 340 time: 12.975063ms
Block: 18909421 phase:modifiedaccounts accounts: 246 time: 3.559506132s
Block: 18909421 phase:balances accounts: 246 time: 20.880108ms
Block: 18909422 phase:modifiedaccounts accounts: 308 time: 4.266273218s
Block: 18909422 phase:balances accounts: 308 time: 13.428656ms
Block: 18909423 phase:modifiedaccounts accounts: 169 time: 3.123653194s
Block: 18909423 phase:balances accounts: 169 time: 7.30506ms
Block: 18909424 phase:modifiedaccounts accounts: 465 time: 4.524329252s
Block: 18909424 phase:balances accounts: 465 time: 15.981828ms
Block: 18909425 phase:modifiedaccounts accounts: 299 time: 3.777684197s
Block: 18909425 phase:balances accounts: 299 time: 12.821246ms
Block: 18909426 phase:modifiedaccounts accounts: 200 time: 4.82698111s
Block: 18909426 phase:balances accounts: 200 time: 8.012597ms
Block: 18909427 phase:modifiedaccounts accounts: 274 time: 3.857795454s
Block: 18909427 phase:balances accounts: 274 time: 12.638747ms
Block: 18909428 phase:modifiedaccounts accounts: 1349 time: 4.673398906s
Block: 18909428 phase:balances accounts: 1349 time: 75.289952ms
Block: 18909429 phase:modifiedaccounts accounts: 387 time: 4.184981108s
Block: 18909429 phase:balances accounts: 387 time: 13.384023ms
Block: 18909430 phase:modifiedaccounts accounts: 305 time: 3.108146559s
Block: 18909430 phase:balances accounts: 305 time: 9.248516ms
Block: 18909431 phase:modifiedaccounts accounts: 416 time: 3.403048179s
Block: 18909431 phase:balances accounts: 416 time: 28.715703ms
Block: 18909432 phase:modifiedaccounts accounts: 272 time: 4.25235637s
Block: 18909432 phase:balances accounts: 272 time: 10.589337ms
Block: 18909433 phase:modifiedaccounts accounts: 213 time: 3.849408947s
Block: 18909433 phase:balances accounts: 213 time: 11.750961ms
Block: 18909434 phase:modifiedaccounts accounts: 266 time: 5.421455452s
Block: 18909434 phase:balances accounts: 266 time: 11.946563ms
Block: 18909435 phase:modifiedaccounts accounts: 226 time: 3.415523389s
Block: 18909435 phase:balances accounts: 226 time: 7.999003ms
Block: 18909436 phase:modifiedaccounts accounts: 363 time: 4.020774871s
Block: 18909436 phase:balances accounts: 363 time: 17.542767ms
Block: 18909437 phase:modifiedaccounts accounts: 229 time: 4.880896317s
Block: 18909437 phase:balances accounts: 229 time: 7.96717ms
Block: 18909438 phase:modifiedaccounts accounts: 289 time: 3.433759011s
Block: 18909438 phase:balances accounts: 289 time: 10.053296ms
Block: 18909439 phase:modifiedaccounts accounts: 273 time: 3.986104161s
Block: 18909439 phase:balances accounts: 273 time: 10.184843ms
Block: 18909440 phase:modifiedaccounts accounts: 220 time: 3.924194676s
Block: 18909440 phase:balances accounts: 220 time: 16.668238ms
Block: 18909441 phase:modifiedaccounts accounts: 390 time: 4.28226496s
Block: 18909441 phase:balances accounts: 390 time: 15.698336ms
Block: 18909442 phase:modifiedaccounts accounts: 259 time: 3.485744253s
Block: 18909442 phase:balances accounts: 259 time: 11.5243ms
Block: 18909443 phase:modifiedaccounts accounts: 265 time: 4.565479844s
Block: 18909443 phase:balances accounts: 265 time: 17.526484ms
Block: 18909444 phase:modifiedaccounts accounts: 423 time: 4.456566794s
Block: 18909444 phase:balances accounts: 423 time: 20.158942ms
Block: 18909445 phase:modifiedaccounts accounts: 482 time: 3.23810081s
Block: 18909445 phase:balances accounts: 482 time: 22.317929ms
Block: 18909446 phase:modifiedaccounts accounts: 216 time: 4.982487798s
Block: 18909446 phase:balances accounts: 216 time: 9.533244ms
Block: 18909447 phase:modifiedaccounts accounts: 311 time: 3.235892979s
Block: 18909447 phase:balances accounts: 311 time: 13.949836ms
Block: 18909448 phase:modifiedaccounts accounts: 288 time: 4.08070202s
Block: 18909448 phase:balances accounts: 288 time: 16.253383ms
Block: 18909449 phase:modifiedaccounts accounts: 258 time: 3.967993027s
Block: 18909449 phase:balances accounts: 258 time: 14.961239ms
Block: 18909450 phase:modifiedaccounts accounts: 376 time: 3.077536346s
Block: 18909450 phase:balances accounts: 376 time: 18.464604ms
Block: 18909451 phase:modifiedaccounts accounts: 293 time: 4.241642794s
Block: 18909451 phase:balances accounts: 293 time: 19.07555ms
Block: 18909452 phase:modifiedaccounts accounts: 223 time: 4.025805262s
Block: 18909452 phase:balances accounts: 223 time: 9.222862ms
Block: 18909453 phase:modifiedaccounts accounts: 281 time: 3.971196516s
Block: 18909453 phase:balances accounts: 281 time: 13.726995ms
Block: 18909454 phase:modifiedaccounts accounts: 245 time: 3.660010034s
Block: 18909454 phase:balances accounts: 245 time: 11.589116ms
Block: 18909455 phase:modifiedaccounts accounts: 313 time: 3.7926955s
Block: 18909455 phase:balances accounts: 313 time: 14.189616ms
Block: 18909456 phase:modifiedaccounts accounts: 261 time: 4.396716342s
Block: 18909456 phase:balances accounts: 261 time: 11.431035ms
Block: 18909457 phase:modifiedaccounts accounts: 238 time: 4.362560691s
Block: 18909457 phase:balances accounts: 238 time: 16.382665ms
Block: 18909458 phase:modifiedaccounts accounts: 310 time: 3.688030028s
Block: 18909458 phase:balances accounts: 310 time: 15.820528ms
Block: 18909459 phase:modifiedaccounts accounts: 338 time: 3.549256693s
Block: 18909459 phase:balances accounts: 338 time: 13.025336ms
Block: 18909460 phase:modifiedaccounts accounts: 347 time: 3.493570917s
Block: 18909460 phase:balances accounts: 347 time: 13.286173ms
Block: 18909461 phase:modifiedaccounts accounts: 343 time: 3.818065082s
Block: 18909461 phase:balances accounts: 343 time: 10.015417ms
Block: 18909462 phase:modifiedaccounts accounts: 247 time: 5.733730373s
Block: 18909462 phase:balances accounts: 247 time: 9.227908ms
Block: 18909463 phase:modifiedaccounts accounts: 263 time: 5.206845888s
Block: 18909463 phase:balances accounts: 263 time: 11.781922ms
Block: 18909464 phase:modifiedaccounts accounts: 216 time: 3.003471049s
Block: 18909464 phase:balances accounts: 216 time: 10.479771ms
Block: 18909465 phase:modifiedaccounts accounts: 381 time: 3.406199681s
Block: 18909465 phase:balances accounts: 381 time: 15.848743ms
Block: 18909466 phase:modifiedaccounts accounts: 262 time: 4.551876194s
Block: 18909466 phase:balances accounts: 262 time: 12.914231ms
Block: 18909467 phase:modifiedaccounts accounts: 450 time: 3.571005032s
Block: 18909467 phase:balances accounts: 450 time: 21.222209ms
Block: 18909468 phase:modifiedaccounts accounts: 307 time: 4.899292837s
Block: 18909468 phase:balances accounts: 307 time: 16.457487ms
Block: 18909469 phase:modifiedaccounts accounts: 314 time: 3.388923678s
Block: 18909469 phase:balances accounts: 314 time: 16.740442ms
Block: 18909470 phase:modifiedaccounts accounts: 372 time: 5.226715287s
Block: 18909470 phase:balances accounts: 372 time: 15.452838ms
Block: 18909471 phase:modifiedaccounts accounts: 227 time: 4.12354515s
Block: 18909471 phase:balances accounts: 227 time: 10.825385ms
Block: 18909472 phase:modifiedaccounts accounts: 225 time: 3.4491787s
Block: 18909472 phase:balances accounts: 225 time: 8.831397ms
Block: 18909473 phase:modifiedaccounts accounts: 366 time: 5.590420967s
Block: 18909473 phase:balances accounts: 366 time: 12.319708ms
Block: 18909474 phase:modifiedaccounts accounts: 330 time: 3.764709575s
Block: 18909474 phase:balances accounts: 330 time: 15.381181ms
Block: 18909475 phase:modifiedaccounts accounts: 316 time: 3.165042577s
Block: 18909475 phase:balances accounts: 316 time: 12.404207ms
Block: 18909476 phase:modifiedaccounts accounts: 250 time: 5.206695454s
Block: 18909476 phase:balances accounts: 250 time: 25.606354ms
Block: 18909477 phase:modifiedaccounts accounts: 311 time: 3.390743599s
Block: 18909477 phase:balances accounts: 311 time: 16.026536ms
Block: 18909478 phase:modifiedaccounts accounts: 367 time: 4.090427866s
Block: 18909478 phase:balances accounts: 367 time: 14.151444ms
Block: 18909479 phase:modifiedaccounts accounts: 241 time: 5.624095751s
Block: 18909479 phase:balances accounts: 241 time: 12.513887ms
Block: 18909480 phase:modifiedaccounts accounts: 363 time: 3.491957271s
Block: 18909480 phase:balances accounts: 363 time: 12.097414ms
Block: 18909481 phase:modifiedaccounts accounts: 246 time: 4.388136063s
Block: 18909481 phase:balances accounts: 246 time: 12.787944ms
Block: 18909482 phase:modifiedaccounts accounts: 283 time: 3.343812032s
Block: 18909482 phase:balances accounts: 283 time: 9.663992ms
Block: 18909483 phase:modifiedaccounts accounts: 1360 time: 4.736853603s
Block: 18909483 phase:balances accounts: 1360 time: 52.293698ms
Block: 18909484 phase:modifiedaccounts accounts: 327 time: 4.951728313s
Block: 18909484 phase:balances accounts: 327 time: 9.486718ms
Block: 18909485 phase:modifiedaccounts accounts: 435 time: 3.133091836s
Block: 18909485 phase:balances accounts: 435 time: 19.831621ms
Block: 18909486 phase:modifiedaccounts accounts: 369 time: 4.112154232s
Block: 18909486 phase:balances accounts: 369 time: 19.652498ms
Block: 18909487 phase:modifiedaccounts accounts: 210 time: 5.182798646s
Block: 18909487 phase:balances accounts: 210 time: 12.248088ms
Block: 18909488 phase:modifiedaccounts accounts: 279 time: 3.186133688s
Block: 18909488 phase:balances accounts: 279 time: 13.633582ms
Block: 18909489 phase:modifiedaccounts accounts: 294 time: 4.420926617s
Block: 18909489 phase:balances accounts: 294 time: 10.129263ms
Block: 18909490 phase:modifiedaccounts accounts: 428 time: 3.496467436s
Block: 18909490 phase:balances accounts: 428 time: 24.37969ms
Block: 18909491 phase:modifiedaccounts accounts: 220 time: 4.398160019s
Block: 18909491 phase:balances accounts: 220 time: 11.744768ms
Block: 18909492 phase:modifiedaccounts accounts: 338 time: 3.80482372s
Block: 18909492 phase:balances accounts: 338 time: 16.140236ms
Block: 18909493 phase:modifiedaccounts accounts: 309 time: 5.614002029s
Block: 18909493 phase:balances accounts: 309 time: 13.96003ms
Block: 18909494 phase:modifiedaccounts accounts: 194 time: 3.333734503s
Block: 18909494 phase:balances accounts: 194 time: 10.280158ms
Block: 18909495 phase:modifiedaccounts accounts: 428 time: 4.753174993s
Block: 18909495 phase:balances accounts: 428 time: 20.565745ms
Block: 18909496 phase:modifiedaccounts accounts: 335 time: 4.000154661s
Block: 18909496 phase:balances accounts: 335 time: 19.869154ms
Block: 18909497 phase:modifiedaccounts accounts: 299 time: 3.4562837s
Block: 18909497 phase:balances accounts: 299 time: 14.358508ms
Block: 18909498 phase:modifiedaccounts accounts: 1232 time: 4.169378562s
Block: 18909498 phase:balances accounts: 1232 time: 47.968081ms
Block: 18909499 phase:modifiedaccounts accounts: 263 time: 3.982224075s
Block: 18909499 phase:balances accounts: 263 time: 14.688152ms
Block: 18909500 phase:modifiedaccounts accounts: 286 time: 5.096380588s
Block: 18909500 phase:balances accounts: 286 time: 16.62328ms
Block: 18909501 phase:modifiedaccounts accounts: 238 time: 3.046933221s
Block: 18909501 phase:balances accounts: 238 time: 14.980048ms
Block: 18909502 phase:modifiedaccounts accounts: 250 time: 4.074834371s
Block: 18909502 phase:balances accounts: 250 time: 11.293256ms
Block: 18909503 phase:modifiedaccounts accounts: 260 time: 4.58524648s
Block: 18909503 phase:balances accounts: 260 time: 12.586493ms
Block: 18909504 phase:modifiedaccounts accounts: 299 time: 3.549777303s
Block: 18909504 phase:balances accounts: 299 time: 12.764305ms
Block: 18909505 phase:modifiedaccounts accounts: 373 time: 3.362927266s
Block: 18909505 phase:balances accounts: 373 time: 24.622735ms
Block: 18909506 phase:modifiedaccounts accounts: 312 time: 3.343941132s
Block: 18909506 phase:balances accounts: 312 time: 15.182208ms
Block: 18909507 phase:modifiedaccounts accounts: 324 time: 4.938140727s
Block: 18909507 phase:balances accounts: 324 time: 19.527334ms
Block: 18909508 phase:modifiedaccounts accounts: 246 time: 4.517646644s
Block: 18909508 phase:balances accounts: 246 time: 9.96363ms
Block: 18909509 phase:modifiedaccounts accounts: 985 time: 3.807978652s
Block: 18909509 phase:balances accounts: 985 time: 147.351213ms
Block: 18909510 phase:modifiedaccounts accounts: 305 time: 4.330040948s
Block: 18909510 phase:balances accounts: 305 time: 12.463286ms
Block: 18909511 phase:modifiedaccounts accounts: 286 time: 4.260746803s
Block: 18909511 phase:balances accounts: 286 time: 12.74121ms
Block: 18909512 phase:modifiedaccounts accounts: 376 time: 4.18943217s
Block: 18909512 phase:balances accounts: 376 time: 18.237465ms
Block: 18909513 phase:modifiedaccounts accounts: 331 time: 3.917300364s
Block: 18909513 phase:balances accounts: 331 time: 16.393939ms
Block: 18909514 phase:modifiedaccounts accounts: 191 time: 4.818766928s
Block: 18909514 phase:balances accounts: 191 time: 19.695793ms
Block: 18909515 phase:modifiedaccounts accounts: 292 time: 3.542284868s
Block: 18909515 phase:balances accounts: 292 time: 11.459119ms
Block: 18909516 phase:modifiedaccounts accounts: 341 time: 3.768165134s
Block: 18909516 phase:balances accounts: 341 time: 20.036163ms
Block: 18909517 phase:modifiedaccounts accounts: 213 time: 4.46416517s
Block: 18909517 phase:balances accounts: 213 time: 7.341137ms
Block: 18909518 phase:modifiedaccounts accounts: 1245 time: 3.377597356s
Block: 18909518 phase:balances accounts: 1245 time: 60.828831ms
Block: 18909519 phase:modifiedaccounts accounts: 369 time: 5.460971594s
Block: 18909519 phase:balances accounts: 369 time: 18.657121ms
Block: 18909520 phase:modifiedaccounts accounts: 312 time: 3.196877225s
Block: 18909520 phase:balances accounts: 312 time: 15.348844ms
Block: 18909521 phase:modifiedaccounts accounts: 225 time: 4.461735096s
Block: 18909521 phase:balances accounts: 225 time: 16.562564ms
Block: 18909522 phase:modifiedaccounts accounts: 244 time: 4.267196432s
Block: 18909522 phase:balances accounts: 244 time: 13.779804ms
Block: 18909523 phase:modifiedaccounts accounts: 276 time: 3.219351304s
Block: 18909523 phase:balances accounts: 276 time: 11.743245ms
Block: 18909524 phase:modifiedaccounts accounts: 238 time: 4.175096049s
Block: 18909524 phase:balances accounts: 238 time: 12.91715ms
Block: 18909525 phase:modifiedaccounts accounts: 284 time: 3.019182337s
Block: 18909525 phase:balances accounts: 284 time: 13.339282ms
Block: 18909526 phase:modifiedaccounts accounts: 294 time: 3.907418346s
Block: 18909526 phase:balances accounts: 294 time: 13.359618ms
Block: 18909527 phase:modifiedaccounts accounts: 311 time: 5.0456888s
Block: 18909527 phase:balances accounts: 311 time: 17.16108ms
Block: 18909528 phase:modifiedaccounts accounts: 259 time: 3.181717325s
Block: 18909528 phase:balances accounts: 259 time: 13.824851ms
Block: 18909529 phase:modifiedaccounts accounts: 307 time: 4.74508681s
Block: 18909529 phase:balances accounts: 307 time: 12.397646ms
Block: 18909530 phase:modifiedaccounts accounts: 295 time: 3.561348634s
Block: 18909530 phase:balances accounts: 295 time: 11.156272ms
Block: 18909531 phase:modifiedaccounts accounts: 388 time: 3.67751106s
Block: 18909531 phase:balances accounts: 388 time: 13.309734ms
Block: 18909532 phase:modifiedaccounts accounts: 265 time: 4.929159993s
Block: 18909532 phase:balances accounts: 265 time: 10.955458ms
Block: 18909533 phase:modifiedaccounts accounts: 321 time: 4.479548215s
Block: 18909533 phase:balances accounts: 321 time: 31.989094ms
Block: 18909534 phase:modifiedaccounts accounts: 243 time: 4.235429694s
Block: 18909534 phase:balances accounts: 243 time: 7.283081ms
Block: 18909535 phase:modifiedaccounts accounts: 420 time: 3.202650552s
Block: 18909535 phase:balances accounts: 420 time: 19.247769ms
Block: 18909536 phase:modifiedaccounts accounts: 265 time: 3.895072364s
Block: 18909536 phase:balances accounts: 265 time: 11.361755ms
Block: 18909537 phase:modifiedaccounts accounts: 331 time: 4.718267982s
Block: 18909537 phase:balances accounts: 331 time: 15.363879ms
Block: 18909538 phase:modifiedaccounts accounts: 349 time: 3.320967903s
Block: 18909538 phase:balances accounts: 349 time: 16.807384ms
Block: 18909539 phase:modifiedaccounts accounts: 258 time: 3.74854364s
Block: 18909539 phase:balances accounts: 258 time: 15.398075ms
Block: 18909540 phase:modifiedaccounts accounts: 264 time: 4.188261731s
Block: 18909540 phase:balances accounts: 264 time: 122.14991ms
Block: 18909541 phase:modifiedaccounts accounts: 250 time: 5.268285203s
Block: 18909541 phase:balances accounts: 250 time: 169.961254ms
Block: 18909542 phase:modifiedaccounts accounts: 0 time: 3.358616107s
